"../../../Engine/Plugins/2D/Paper2D/Content/PlaceholderTextures/DummySpriteTexture.ubulk" 0
"../../../Engine/Plugins/2D/Paper2D/Content/PlaceholderTextures/DummySpriteTexture.uasset" 1
"../../../Engine/Plugins/2D/Paper2D/Content/PlaceholderTextures/DummySpriteTexture.uexp" 2
"../../../Engine/Plugins/2D/Paper2D/Content/DummySprite.uasset" 3
"../../../Engine/Plugins/2D/Paper2D/Content/DummySprite.uexp" 4
"../../../Engine/Plugins/2D/Paper2D/Content/DefaultPaperTerrainMaterial.uasset" 5
"../../../Engine/Plugins/2D/Paper2D/Content/DefaultPaperTerrainMaterial.uexp" 6
"../../../Engine/Plugins/Animation/ACLPlugin/Content/ACLAnimBoneCompressionSettings.uasset" 7
"../../../Engine/Plugins/Animation/ACLPlugin/Content/ACLAnimBoneCompressionSettings.uexp" 8
"../../../Engine/Plugins/Animation/ACLPlugin/Content/ACLAnimCurveCompressionSettings.uasset" 9
"../../../Engine/Plugins/Animation/ACLPlugin/Content/ACLAnimCurveCompressionSettings.uexp" 10
"../../../Engine/Content/Animation/DefaultRecorderBoneCompression.uasset" 11
"../../../Engine/Content/Animation/DefaultRecorderBoneCompression.uexp" 12
"../../../Engine/Content/Animation/DefaultVariableFrameStrippingSettings.uasset" 13
"../../../Engine/Content/Animation/DefaultVariableFrameStrippingSettings.uexp" 14
"../../../Engine/Content/EngineFonts/Faces/DroidSansFallback.uexp" 15
"../../../Engine/Content/EngineFonts/Faces/DroidSansFallback.uasset" 16
"../../../Engine/Content/EngineFonts/Faces/DroidSansFallback.ufont" 17
"../../../Engine/Content/EngineFonts/Faces/RobotoBold.uexp" 18
"../../../Engine/Content/EngineFonts/Faces/RobotoBold.uasset" 19
"../../../Engine/Content/EngineFonts/Faces/RobotoBold.ufont" 20
"../../../Engine/Content/EngineFonts/Faces/RobotoBoldItalic.uexp" 21
"../../../Engine/Content/EngineFonts/Faces/RobotoBoldItalic.uasset" 22
"../../../Engine/Content/EngineFonts/Faces/RobotoBoldItalic.ufont" 23
"../../../Engine/Content/EngineFonts/Faces/RobotoItalic.uexp" 24
"../../../Engine/Content/EngineFonts/Faces/RobotoItalic.uasset" 25
"../../../Engine/Content/EngineFonts/Faces/RobotoItalic.ufont" 26
"../../../Engine/Content/EngineFonts/Faces/RobotoLight.uexp" 27
"../../../Engine/Content/EngineFonts/Faces/RobotoLight.uasset" 28
"../../../Engine/Content/EngineFonts/Faces/RobotoLight.ufont" 29
"../../../Engine/Content/EngineFonts/Faces/RobotoRegular.uexp" 30
"../../../Engine/Content/EngineFonts/Faces/RobotoRegular.uasset" 31
"../../../Engine/Content/EngineFonts/Faces/RobotoRegular.ufont" 32
"../../../Engine/Content/EngineFonts/Roboto.uasset" 33
"../../../Engine/Content/EngineFonts/Roboto.uexp" 34
"../../../Engine/Content/EngineMaterials/DefaultDestructiblePhysicalMaterial.uasset" 35
"../../../Engine/Content/EngineMaterials/DefaultDestructiblePhysicalMaterial.uexp" 36
"../../../Engine/Content/EngineMaterials/DefaultPhysicalMaterial.uasset" 37
"../../../Engine/Content/EngineMaterials/DefaultPhysicalMaterial.uexp" 38
"../../../Engine/Content/EngineSounds/Master.uasset" 39
"../../../Engine/Content/EngineSounds/Master.uexp" 40
"../../../Engine/Plugins/Animation/ControlRig/Content/Controls/DefaultGizmoLibraryNormalized.uasset" 41
"../../../Engine/Plugins/Animation/ControlRig/Content/Controls/DefaultGizmoLibraryNormalized.uexp" 42
"../../../Engine/Plugins/2D/Paper2D/Content/DefaultSpriteMaterial.uasset" 43
"../../../Engine/Plugins/2D/Paper2D/Content/DefaultSpriteMaterial.uexp" 44
"../../../Engine/Plugins/2D/Paper2D/Content/MaskedUnlitSpriteMaterial.uasset" 45
"../../../Engine/Plugins/2D/Paper2D/Content/MaskedUnlitSpriteMaterial.uexp" 46
"../../../Engine/Plugins/2D/Paper2D/Content/OpaqueUnlitSpriteMaterial.uasset" 47
"../../../Engine/Plugins/2D/Paper2D/Content/OpaqueUnlitSpriteMaterial.uexp" 48
"../../../Engine/Content/Functions/Engine_MaterialFunctions02/WorldPositionOffset/CameraOffset.uasset" 49
"../../../Engine/Content/Functions/Engine_MaterialFunctions02/WorldPositionOffset/CameraOffset.uexp" 50
"../../../Engine/Plugins/Animation/ControlRig/Content/M_Manip.uasset" 51
"../../../Engine/Plugins/Animation/ControlRig/Content/M_Manip.uexp" 52
"../../../Engine/Content/EditorMaterials/PhAT_NoCollisionMaterial.uasset" 53
"../../../Engine/Content/EditorMaterials/PhAT_NoCollisionMaterial.uexp" 54
"../../../Engine/Content/EditorMaterials/PhAT_UnselectedMaterial.uasset" 55
"../../../Engine/Content/EditorMaterials/PhAT_UnselectedMaterial.uexp" 56
"../../../Engine/Content/EditorResources/S_Solver.ubulk" 57
"../../../Engine/Content/EditorResources/S_Solver.uasset" 58
"../../../Engine/Content/EditorResources/S_Solver.uexp" 59
"../../../Engine/Content/EditorMaterials/PreviewShadowIndicator.ubulk" 60
"../../../Engine/Content/EditorMaterials/PreviewShadowIndicator.uasset" 61
"../../../Engine/Content/EditorMaterials/PreviewShadowIndicator.uexp" 62
"../../../Engine/Content/EditorMaterials/PreviewShadowIndicatorMaterial.uasset" 63
"../../../Engine/Content/EditorMaterials/PreviewShadowIndicatorMaterial.uexp" 64
"../../../Engine/Content/EditorResources/S_Terrain.ubulk" 65
"../../../Engine/Content/EditorResources/S_Terrain.uasset" 66
"../../../Engine/Content/EditorResources/S_Terrain.uexp" 67
"../../../Engine/Content/EditorLandscapeResources/DefaultAlphaTexture.uasset" 68
"../../../Engine/Content/EditorLandscapeResources/DefaultAlphaTexture.uexp" 69
"../../../Engine/Content/EditorLandscapeResources/ColorMaskBrushMaterial.uasset" 70
"../../../Engine/Content/EditorLandscapeResources/ColorMaskBrushMaterial.uexp" 71
"../../../Engine/Content/EditorLandscapeResources/ColorMaskBrushMaterial_MaskedRegion.uasset" 72
"../../../Engine/Content/EditorLandscapeResources/ColorMaskBrushMaterial_MaskedRegion.uexp" 73
"../../../Engine/Content/EngineMaterials/T_Default_Material_Grid_M.ubulk" 74
"../../../Engine/Content/EngineMaterials/T_Default_Material_Grid_M.uasset" 75
"../../../Engine/Content/EngineMaterials/T_Default_Material_Grid_M.uexp" 76
"../../../Engine/Content/EngineMaterials/T_Default_Material_Grid_N.ubulk" 77
"../../../Engine/Content/EngineMaterials/T_Default_Material_Grid_N.uasset" 78
"../../../Engine/Content/EngineMaterials/T_Default_Material_Grid_N.uexp" 79
"../../../Engine/Content/Functions/Engine_MaterialFunctions01/Opacity/CameraDepthFade.uasset" 80
"../../../Engine/Content/Functions/Engine_MaterialFunctions01/Opacity/CameraDepthFade.uexp" 81
"../../../Engine/Content/EngineMaterials/WorldGridMaterial.uasset" 82
"../../../Engine/Content/EngineMaterials/WorldGridMaterial.uexp" 83
"../../../Engine/Plugins/Media/MediaPlate/Content/SM_MediaPlateScreen.ubulk" 84
"../../../Engine/Plugins/Media/MediaPlate/Content/SM_MediaPlateScreen.uasset" 85
"../../../Engine/Plugins/Media/MediaPlate/Content/SM_MediaPlateScreen.uexp" 86
"../../../Engine/Content/EditorResources/S_Trigger.ubulk" 87
"../../../Engine/Content/EditorResources/S_Trigger.uasset" 88
"../../../Engine/Content/EditorResources/S_Trigger.uexp" 89
"../../../Engine/Content/EditorResources/S_TriggerBox.uasset" 90
"../../../Engine/Content/EditorResources/S_TriggerBox.uexp" 91
"../../../Engine/Plugins/NNE/NNEDenoiser/Content/NNEDIM_ColorAlbedoNormal_Alpha.uasset" 92
"../../../Engine/Plugins/NNE/NNEDenoiser/Content/NNEDIM_ColorAlbedoNormal_Alpha.uexp" 93
"../../../Engine/Plugins/NNE/NNEDenoiser/Content/NNEDIM_ColorAlbedoNormal_Default.uasset" 94
"../../../Engine/Plugins/NNE/NNEDenoiser/Content/NNEDIM_ColorAlbedoNormal_Default.uexp" 95
"../../../Engine/Plugins/NNE/NNEDenoiser/Content/NNEDIM_HighQuality_Alpha.uasset" 96
"../../../Engine/Plugins/NNE/NNEDenoiser/Content/NNEDIM_HighQuality_Alpha.uexp" 97
"../../../Engine/Plugins/NNE/NNEDenoiser/Content/NNEDIM_HighQuality_Default.uasset" 98
"../../../Engine/Plugins/NNE/NNEDenoiser/Content/NNEDIM_HighQuality_Default.uexp" 99
"../../../Engine/Content/EditorResources/S_TriggerCapsule.uasset" 100
"../../../Engine/Content/EditorResources/S_TriggerCapsule.uexp" 101
"../../../Engine/Plugins/NNE/NNEDenoiser/Content/NNEDOM_Output_Alpha.uasset" 102
"../../../Engine/Plugins/NNE/NNEDenoiser/Content/NNEDOM_Output_Alpha.uexp" 103
"../../../Engine/Plugins/Animation/ControlRig/Content/Controls/ControlRig_Diamond_1mm.ubulk" 104
"../../../Engine/Plugins/Animation/ControlRig/Content/Controls/ControlRig_Diamond_1mm.uasset" 105
"../../../Engine/Plugins/Animation/ControlRig/Content/Controls/ControlRig_Diamond_1mm.uexp" 106
"../../../Engine/Plugins/NNE/NNEDenoiser/Content/NNEDOM_Output_Default.uasset" 107
"../../../Engine/Plugins/NNE/NNEDenoiser/Content/NNEDOM_Output_Default.uexp" 108
"../../../Engine/Plugins/NNE/NNEDenoiser/Content/NNEDTIM_ColorAlbedoNormal_Alpha.uasset" 109
"../../../Engine/Plugins/NNE/NNEDenoiser/Content/NNEDTIM_ColorAlbedoNormal_Alpha.uexp" 110
"../../../Engine/Plugins/NNE/NNEDenoiser/Content/NNEDTIM_ColorAlbedoNormal_Default.uasset" 111
"../../../Engine/Plugins/NNE/NNEDenoiser/Content/NNEDTIM_ColorAlbedoNormal_Default.uexp" 112
"../../../Engine/Content/EditorResources/S_TriggerSphere.uasset" 113
"../../../Engine/Content/EditorResources/S_TriggerSphere.uexp" 114
"../../../Engine/Plugins/NNE/NNEDenoiser/Content/NNEDTOM_Output_Alpha.uasset" 115
"../../../Engine/Plugins/NNE/NNEDenoiser/Content/NNEDTOM_Output_Alpha.uexp" 116
"../../../Engine/Plugins/NNE/NNEDenoiser/Content/NNEDTOM_Output_Default.uasset" 117
"../../../Engine/Plugins/NNE/NNEDenoiser/Content/NNEDTOM_Output_Default.uexp" 118
"../../../Engine/Plugins/NNE/NNEDenoiser/Content/NNEDT_Oidn2-3_Balanced.uasset" 119
"../../../Engine/Plugins/NNE/NNEDenoiser/Content/NNEDT_Oidn2-3_Balanced.uexp" 120
"../../../Engine/Plugins/NNE/NNEDenoiser/Content/NNEDT_Oidn2-3_Balanced_Alpha.uasset" 121
"../../../Engine/Plugins/NNE/NNEDenoiser/Content/NNEDT_Oidn2-3_Balanced_Alpha.uexp" 122
"../../../Engine/Plugins/NNE/NNEDenoiser/Content/NNED_Oidn2-3_Balanced.uasset" 123
"../../../Engine/Plugins/NNE/NNEDenoiser/Content/NNED_Oidn2-3_Balanced.uexp" 124
"../../../Engine/Content/EditorLandscapeResources/LandscapeDirtyMaterial.uasset" 125
"../../../Engine/Content/EditorLandscapeResources/LandscapeDirtyMaterial.uexp" 126
"../../../Engine/Plugins/NNE/NNEDenoiser/Content/NNED_Oidn2-3_Balanced_Alpha.uasset" 127
"../../../Engine/Plugins/NNE/NNEDenoiser/Content/NNED_Oidn2-3_Balanced_Alpha.uexp" 128
"../../../Engine/Plugins/NNE/NNEDenoiser/Content/NNED_Oidn2-3_Fast.uasset" 129
"../../../Engine/Plugins/NNE/NNEDenoiser/Content/NNED_Oidn2-3_Fast.uexp" 130
"../../../Engine/Content/EngineMaterials/WeightMapPlaceholderTexture.uasset" 131
"../../../Engine/Content/EngineMaterials/WeightMapPlaceholderTexture.uexp" 132
"../../../Engine/Content/EngineMaterials/WeightMapArrayPlaceholderTexture.uasset" 133
"../../../Engine/Content/EngineMaterials/WeightMapArrayPlaceholderTexture.uexp" 134
"../../../Engine/Content/EngineResources/WhiteSquareTexture.uasset" 135
"../../../Engine/Content/EngineResources/WhiteSquareTexture.uexp" 136
"../../../Engine/Content/EngineMaterials/Widget3DPassThrough.uasset" 137
"../../../Engine/Content/EngineMaterials/Widget3DPassThrough.uexp" 138
"../../../Engine/Content/EngineMaterials/Widget3DPassThrough_Masked.uasset" 139
"../../../Engine/Content/EngineMaterials/Widget3DPassThrough_Masked.uexp" 140
"../../../Engine/Content/EngineMaterials/DefaultBloomKernel.uasset" 141
"../../../Engine/Content/EngineMaterials/DefaultBloomKernel.uexp" 142
"../../../Engine/Content/EngineMaterials/Widget3DPassThrough_Opaque.uasset" 143
"../../../Engine/Content/EngineMaterials/Widget3DPassThrough_Opaque.uexp" 144
"../../../Engine/Content/EngineMaterials/Widget3DPassThrough_Masked_OneSided.uasset" 145
"../../../Engine/Content/EngineMaterials/Widget3DPassThrough_Masked_OneSided.uexp" 146
"../../../Engine/Content/EngineMaterials/DefaultBokeh.uasset" 147
"../../../Engine/Content/EngineMaterials/DefaultBokeh.uexp" 148
"../../../Engine/Plugins/Animation/ControlRig/Content/Controls/ControlRig_Diamond_3mm.ubulk" 149
"../../../Engine/Plugins/Animation/ControlRig/Content/Controls/ControlRig_Diamond_3mm.uasset" 150
"../../../Engine/Plugins/Animation/ControlRig/Content/Controls/ControlRig_Diamond_3mm.uexp" 151
"../../../Engine/Content/EngineMaterials/DefaultDiffuse.ubulk" 152
"../../../Engine/Content/EngineMaterials/DefaultDiffuse.uasset" 153
"../../../Engine/Content/EngineMaterials/DefaultDiffuse.uexp" 154
"../../../Engine/Content/Functions/Engine_MaterialFunctions01/Texturing/TextureCropping.uasset" 155
"../../../Engine/Content/Functions/Engine_MaterialFunctions01/Texturing/TextureCropping.uexp" 156
"../../../Engine/Content/Functions/Engine_MaterialFunctions02/ExampleContent/DebugNumberStrip.uasset" 157
"../../../Engine/Content/Functions/Engine_MaterialFunctions02/ExampleContent/DebugNumberStrip.uexp" 158
"../../../Engine/Content/Functions/Engine_MaterialFunctions01/Debug/DebugIntValues.uasset" 159
"../../../Engine/Content/Functions/Engine_MaterialFunctions01/Debug/DebugIntValues.uexp" 160
"../../../Engine/Content/Functions/Engine_MaterialFunctions02/Utility/BreakOutFloat2Components.uasset" 161
"../../../Engine/Content/Functions/Engine_MaterialFunctions02/Utility/BreakOutFloat2Components.uexp" 162
"../../../Engine/Content/Functions/Engine_MaterialFunctions01/Texturing/ScaleUVsByCenter.uasset" 163
"../../../Engine/Content/Functions/Engine_MaterialFunctions01/Texturing/ScaleUVsByCenter.uexp" 164
"../../../Engine/Content/Functions/Engine_MaterialFunctions02/WorldPositionOffset/LocalPosition.uasset" 165
"../../../Engine/Content/Functions/Engine_MaterialFunctions02/WorldPositionOffset/LocalPosition.uexp" 166
"../../../Engine/Content/EditorLandscapeResources/LandscapeLayerUsageMaterial.uasset" 167
"../../../Engine/Content/EditorLandscapeResources/LandscapeLayerUsageMaterial.uexp" 168
"../../../Engine/Content/EngineMaterials/Widget3DPassThrough_Opaque_OneSided.uasset" 169
"../../../Engine/Content/EngineMaterials/Widget3DPassThrough_Opaque_OneSided.uexp" 170
"../../../Engine/Content/EngineMaterials/Widget3DPassThrough_Translucent.uasset" 171
"../../../Engine/Content/EngineMaterials/Widget3DPassThrough_Translucent.uexp" 172
"../../../Engine/Content/EngineMaterials/Widget3DPassThrough_Translucent_OneSided.uasset" 173
"../../../Engine/Content/EngineMaterials/Widget3DPassThrough_Translucent_OneSided.uexp" 174
"../../../Engine/Plugins/Animation/ControlRig/Content/Controls/ControlRig_Diamond_solid.ubulk" 175
"../../../Engine/Plugins/Animation/ControlRig/Content/Controls/ControlRig_Diamond_solid.uasset" 176
"../../../Engine/Plugins/Animation/ControlRig/Content/Controls/ControlRig_Diamond_solid.uexp" 177
"../../../Engine/Plugins/Animation/ControlRig/Content/Controls/ControlRig_HalfCircle_1mm.ubulk" 178
"../../../Engine/Plugins/Animation/ControlRig/Content/Controls/ControlRig_HalfCircle_1mm.uasset" 179
"../../../Engine/Plugins/Animation/ControlRig/Content/Controls/ControlRig_HalfCircle_1mm.uexp" 180
"../../../Engine/Content/EditorLandscapeResources/WhiteSquareTexture.uasset" 181
"../../../Engine/Content/EditorLandscapeResources/WhiteSquareTexture.uexp" 182
"../../../Engine/Content/EditorLandscapeResources/LayerVisMaterial.uasset" 183
"../../../Engine/Content/EditorLandscapeResources/LayerVisMaterial.uexp" 184
"../../../Engine/Plugins/Animation/ControlRig/Content/Controls/ControlRig_HalfCircle_3mm.ubulk" 185
"../../../Engine/Plugins/Animation/ControlRig/Content/Controls/ControlRig_HalfCircle_3mm.uasset" 186
"../../../Engine/Plugins/Animation/ControlRig/Content/Controls/ControlRig_HalfCircle_3mm.uexp" 187
"../../../Engine/Content/Functions/Engine_MaterialFunctions02/Utility/MakeFloat3.uasset" 188
"../../../Engine/Content/Functions/Engine_MaterialFunctions02/Utility/MakeFloat3.uexp" 189
"../../../Engine/Content/Functions/Engine_MaterialFunctions03/Math/WithinRangeFloat2.uasset" 190
"../../../Engine/Content/Functions/Engine_MaterialFunctions03/Math/WithinRangeFloat2.uexp" 191
"../../../Engine/Content/EditorLandscapeResources/MaskBrushMaterial.uasset" 192
"../../../Engine/Content/EditorLandscapeResources/MaskBrushMaterial.uexp" 193
"../../../Engine/Content/EditorLandscapeResources/MaskBrushMaterial_MaskedRegion.uasset" 194
"../../../Engine/Content/EditorLandscapeResources/MaskBrushMaterial_MaskedRegion.uexp" 195
"../../../Engine/Content/EngineMaterials/DefaultDeferredDecalMaterial.uasset" 196
"../../../Engine/Content/EngineMaterials/DefaultDeferredDecalMaterial.uexp" 197
"../../../Engine/Plugins/Animation/ControlRig/Content/Controls/ControlRig_HalfCircle_solid.ubulk" 198
"../../../Engine/Plugins/Animation/ControlRig/Content/Controls/ControlRig_HalfCircle_solid.uasset" 199
"../../../Engine/Plugins/Animation/ControlRig/Content/Controls/ControlRig_HalfCircle_solid.uexp" 200
"../../../Engine/Plugins/Animation/ControlRig/Content/Controls/ControlRig_Hexagon_1mm.ubulk" 201
"../../../Engine/Plugins/Animation/ControlRig/Content/Controls/ControlRig_Hexagon_1mm.uasset" 202
"../../../Engine/Plugins/Animation/ControlRig/Content/Controls/ControlRig_Hexagon_1mm.uexp" 203
"../../../Engine/Content/EngineDamageTypes/DmgTypeBP_Environmental.uasset" 204
"../../../Engine/Content/EngineDamageTypes/DmgTypeBP_Environmental.uexp" 205
"../../../Engine/Plugins/Animation/ControlRig/Content/Controls/ControlRig_Hexagon_3mm.ubulk" 206
"../../../Engine/Plugins/Animation/ControlRig/Content/Controls/ControlRig_Hexagon_3mm.uasset" 207
"../../../Engine/Plugins/Animation/ControlRig/Content/Controls/ControlRig_Hexagon_3mm.uexp" 208
"../../../Engine/Content/EditorLandscapeResources/SelectBrushMaterial.uasset" 209
"../../../Engine/Content/EditorLandscapeResources/SelectBrushMaterial.uexp" 210
"../../../Engine/Content/EditorLandscapeResources/SelectBrushMaterial_Selected.uasset" 211
"../../../Engine/Content/EditorLandscapeResources/SelectBrushMaterial_Selected.uexp" 212
"../../../Engine/Content/EngineMaterials/DefaultLightFunctionMaterial.uasset" 213
"../../../Engine/Content/EngineMaterials/DefaultLightFunctionMaterial.uexp" 214
"../../../Engine/Content/EditorLandscapeResources/SelectBrushMaterial_SelectedRegion.uasset" 215
"../../../Engine/Content/EditorLandscapeResources/SelectBrushMaterial_SelectedRegion.uexp" 216
"../../../Engine/Plugins/Animation/ControlRig/Content/Controls/ControlRig_Hexagon_solid.ubulk" 217
"../../../Engine/Plugins/Animation/ControlRig/Content/Controls/ControlRig_Hexagon_solid.uasset" 218
"../../../Engine/Plugins/Animation/ControlRig/Content/Controls/ControlRig_Hexagon_solid.uexp" 219
"../../../Engine/Content/EditorLandscapeResources/SplineEditorMeshMat.uasset" 220
"../../../Engine/Content/EditorLandscapeResources/SplineEditorMeshMat.uexp" 221
"../../../Engine/Content/EditorLandscapeResources/SplineEditorMesh.ubulk" 222
"../../../Engine/Content/EditorLandscapeResources/SplineEditorMesh.uasset" 223
"../../../Engine/Content/EditorLandscapeResources/SplineEditorMesh.uexp" 224
"../../../Engine/Plugins/Animation/ControlRig/Content/Controls/ControlRig_Octagon_1mm.ubulk" 225
"../../../Engine/Plugins/Animation/ControlRig/Content/Controls/ControlRig_Octagon_1mm.uasset" 226
"../../../Engine/Plugins/Animation/ControlRig/Content/Controls/ControlRig_Octagon_1mm.uexp" 227
"../../../Engine/Content/EngineMaterials/DefaultPostProcessMaterial.uasset" 228
"../../../Engine/Content/EngineMaterials/DefaultPostProcessMaterial.uexp" 229
"../../../Engine/Plugins/Animation/ControlRig/Content/Controls/ControlRig_Octagon_3mm.ubulk" 230
"../../../Engine/Plugins/Animation/ControlRig/Content/Controls/ControlRig_Octagon_3mm.uasset" 231
"../../../Engine/Plugins/Animation/ControlRig/Content/Controls/ControlRig_Octagon_3mm.uexp" 232
"../../../Engine/Content/EngineFonts/RobotoDistanceField.uasset" 233
"../../../Engine/Content/EngineFonts/RobotoDistanceField.uexp" 234
"../../../Engine/Content/EngineMaterials/DefaultTextMaterialOpaque.uasset" 235
"../../../Engine/Content/EngineMaterials/DefaultTextMaterialOpaque.uexp" 236
"../../../Engine/Plugins/Animation/ControlRig/Content/Controls/ControlRig_Octagon_solid.ubulk" 237
"../../../Engine/Plugins/Animation/ControlRig/Content/Controls/ControlRig_Octagon_solid.uasset" 238
"../../../Engine/Plugins/Animation/ControlRig/Content/Controls/ControlRig_Octagon_solid.uexp" 239
"../../../Engine/Content/EngineMaterials/DefaultWhiteGrid.ubulk" 240
"../../../Engine/Content/EngineMaterials/DefaultWhiteGrid.uasset" 241
"../../../Engine/Content/EngineMaterials/DefaultWhiteGrid.uexp" 242
"../../../Engine/Content/EngineDebugMaterials/DebugEditorMaterial.uasset" 243
"../../../Engine/Content/EngineDebugMaterials/DebugEditorMaterial.uexp" 244
"../../../Engine/Content/EngineDebugMaterials/DebugMeshMaterial.uasset" 245
"../../../Engine/Content/EngineDebugMaterials/DebugMeshMaterial.uexp" 246
"../../../Engine/Plugins/Animation/ControlRig/Content/Controls/ControlRig_Pyramid_1mm.ubulk" 247
"../../../Engine/Plugins/Animation/ControlRig/Content/Controls/ControlRig_Pyramid_1mm.uasset" 248
"../../../Engine/Plugins/Animation/ControlRig/Content/Controls/ControlRig_Pyramid_1mm.uexp" 249
"../../../Engine/Plugins/NNE/NNEDenoiser/Content/NNED_Oidn2-3_Fast_Alpha.uasset" 250
"../../../Engine/Plugins/NNE/NNEDenoiser/Content/NNED_Oidn2-3_Fast_Alpha.uexp" 251
"../../../Engine/Plugins/Animation/ControlRig/Content/Controls/ControlRig_Pyramid_3mm.ubulk" 252
"../../../Engine/Plugins/Animation/ControlRig/Content/Controls/ControlRig_Pyramid_3mm.uasset" 253
"../../../Engine/Plugins/Animation/ControlRig/Content/Controls/ControlRig_Pyramid_3mm.uexp" 254
"../../../Engine/Plugins/NNE/NNEDenoiser/Content/NNED_Oidn2-3_HighQuality.uasset" 255
"../../../Engine/Plugins/NNE/NNEDenoiser/Content/NNED_Oidn2-3_HighQuality.uexp" 256
"../../../Engine/Content/EngineMaterials/DefaultWhiteGrid_Low.uasset" 257
"../../../Engine/Content/EngineMaterials/DefaultWhiteGrid_Low.uexp" 258
"../../../Engine/Content/EngineMaterials/EmissiveMeshMaterial.uasset" 259
"../../../Engine/Content/EngineMaterials/EmissiveMeshMaterial.uexp" 260
"../../../Engine/Plugins/NNE/NNEDenoiser/Content/NNED_Oidn2-3_HighQuality_Alpha.uasset" 261
"../../../Engine/Plugins/NNE/NNEDenoiser/Content/NNED_Oidn2-3_HighQuality_Alpha.uexp" 262
"../../../Engine/Plugins/NNE/NNEDenoiser/Content/NNE_oidn2-3-0_rt_hdr_alb_nrm_small__dyn__fp16_opset11_DenoiseAlpha.uasset" 263
"../../../Engine/Plugins/NNE/NNEDenoiser/Content/NNE_oidn2-3-0_rt_hdr_alb_nrm_small__dyn__fp16_opset11_DenoiseAlpha.uexp" 264
"../../../Engine/Plugins/NNE/NNEDenoiser/Content/NNE_oidn2-3-0_rt_hdr_alb_nrm_small__dyn__fp16_opset11_ForwardAlpha.uasset" 265
"../../../Engine/Plugins/NNE/NNEDenoiser/Content/NNE_oidn2-3-0_rt_hdr_alb_nrm_small__dyn__fp16_opset11_ForwardAlpha.uexp" 266
"../../../Engine/Plugins/NNE/NNEDenoiser/Content/NNE_oidn2-3-0_rt_hdr_alb_nrm__dyn__fp16_opset11_DenoiseAlpha.uasset" 267
"../../../Engine/Plugins/NNE/NNEDenoiser/Content/NNE_oidn2-3-0_rt_hdr_alb_nrm__dyn__fp16_opset11_DenoiseAlpha.uexp" 268
"../../../Engine/Plugins/NNE/NNEDenoiser/Content/NNE_oidn2-3-0_rt_hdr_alb_nrm__dyn__fp16_opset11_ForwardAlpha.uasset" 269
"../../../Engine/Plugins/NNE/NNEDenoiser/Content/NNE_oidn2-3-0_rt_hdr_alb_nrm__dyn__fp16_opset11_ForwardAlpha.uexp" 270
"../../../Engine/Plugins/NNE/NNEDenoiser/Content/NNE_oidn2-3-0_rt_hdr_calb_cnrm_large__dyn__fp16_opset11_DenoiseAlpha.uasset" 271
"../../../Engine/Plugins/NNE/NNEDenoiser/Content/NNE_oidn2-3-0_rt_hdr_calb_cnrm_large__dyn__fp16_opset11_DenoiseAlpha.uexp" 272
"../../../Engine/Content/EngineResources/Black.uasset" 273
"../../../Engine/Content/EngineResources/Black.uexp" 274
"../../../Engine/Plugins/NNE/NNEDenoiser/Content/NNE_oidn2-3-0_rt_hdr_calb_cnrm_large__dyn__fp16_opset11_ForwardAlpha.uasset" 275
"../../../Engine/Plugins/NNE/NNEDenoiser/Content/NNE_oidn2-3-0_rt_hdr_calb_cnrm_large__dyn__fp16_opset11_ForwardAlpha.uexp" 276
"../../../Engine/Plugins/Animation/ControlRig/Content/Controls/ControlRig_Pyramid_solid.ubulk" 277
"../../../Engine/Plugins/Animation/ControlRig/Content/Controls/ControlRig_Pyramid_solid.uasset" 278
"../../../Engine/Plugins/Animation/ControlRig/Content/Controls/ControlRig_Pyramid_solid.uexp" 279
"../../../Engine/Content/EngineMaterials/FastBlueNoise_scalar_128x128x64.uasset" 280
"../../../Engine/Content/EngineMaterials/FastBlueNoise_scalar_128x128x64.uexp" 281
"../../../Engine/Content/EngineMaterials/FastBlueNoise_scalar_128x128x8.uasset" 282
"../../../Engine/Content/EngineMaterials/FastBlueNoise_scalar_128x128x8.uexp" 283
"../../../Engine/Plugins/Animation/ControlRig/Content/Controls/ControlRig_QuarterCircle_1mm.ubulk" 284
"../../../Engine/Plugins/Animation/ControlRig/Content/Controls/ControlRig_QuarterCircle_1mm.uasset" 285
"../../../Engine/Plugins/Animation/ControlRig/Content/Controls/ControlRig_QuarterCircle_1mm.uexp" 286
"../../../Engine/Content/EngineResources/DefaultTexture.ubulk" 287
"../../../Engine/Content/EngineResources/DefaultTexture.uasset" 288
"../../../Engine/Content/EngineResources/DefaultTexture.uexp" 289
"../../../Engine/Content/EngineMaterials/FastBlueNoise_vec2_128x128x64.uasset" 290
"../../../Engine/Content/EngineMaterials/FastBlueNoise_vec2_128x128x64.uexp" 291
"../../../Engine/Content/EngineResources/DefaultTextureCube.uasset" 292
"../../../Engine/Content/EngineResources/DefaultTextureCube.uexp" 293
"../../../Engine/Plugins/Animation/ControlRig/Content/Controls/ControlRig_QuarterCircle_3mm.ubulk" 294
"../../../Engine/Plugins/Animation/ControlRig/Content/Controls/ControlRig_QuarterCircle_3mm.uasset" 295
"../../../Engine/Plugins/Animation/ControlRig/Content/Controls/ControlRig_QuarterCircle_3mm.uexp" 296
"../../../Engine/Content/EngineMaterials/BaseFlattenDiffuseMap.uasset" 297
"../../../Engine/Content/EngineMaterials/BaseFlattenDiffuseMap.uexp" 298
"../../../Engine/Content/EngineMaterials/BaseFlattenEmissiveMap.uasset" 299
"../../../Engine/Content/EngineMaterials/BaseFlattenEmissiveMap.uexp" 300
"../../../Engine/Content/EngineMaterials/BaseFlattenGrayscaleMap.uasset" 301
"../../../Engine/Content/EngineMaterials/BaseFlattenGrayscaleMap.uexp" 302
"../../../Engine/Content/EngineMaterials/BaseFlattenLinearColor.uasset" 303
"../../../Engine/Content/EngineMaterials/BaseFlattenLinearColor.uexp" 304
"../../../Engine/Content/EngineMaterials/BaseFlattenNormalMap.uasset" 305
"../../../Engine/Content/EngineMaterials/BaseFlattenNormalMap.uexp" 306
"../../../Engine/Content/Functions/Engine_MaterialFunctions02/PivotPainter2/Black_1x1_EXR_Texture.uasset" 307
"../../../Engine/Content/Functions/Engine_MaterialFunctions02/PivotPainter2/Black_1x1_EXR_Texture.uexp" 308
"../../../Engine/Content/EngineMaterials/FlattenMaterial.uasset" 309
"../../../Engine/Content/EngineMaterials/FlattenMaterial.uexp" 310
"../../../Engine/Plugins/Animation/ControlRig/Content/Controls/ControlRig_QuarterCircle_solid.ubulk" 311
"../../../Engine/Plugins/Animation/ControlRig/Content/Controls/ControlRig_QuarterCircle_solid.uasset" 312
"../../../Engine/Plugins/Animation/ControlRig/Content/Controls/ControlRig_QuarterCircle_solid.uexp" 313
"../../../Engine/Content/EngineMaterials/BaseFlattenDiffuseMap_VT.ubulk" 314
"../../../Engine/Content/EngineMaterials/BaseFlattenDiffuseMap_VT.uasset" 315
"../../../Engine/Content/EngineMaterials/BaseFlattenDiffuseMap_VT.uexp" 316
"../../../Engine/Content/EngineMaterials/BaseFlattenEmissiveMap_VT.ubulk" 317
"../../../Engine/Content/EngineMaterials/BaseFlattenEmissiveMap_VT.uasset" 318
"../../../Engine/Content/EngineMaterials/BaseFlattenEmissiveMap_VT.uexp" 319
"../../../Engine/Content/EngineMaterials/BaseFlattenGrayscaleMap_VT.ubulk" 320
"../../../Engine/Content/EngineMaterials/BaseFlattenGrayscaleMap_VT.uasset" 321
"../../../Engine/Content/EngineMaterials/BaseFlattenGrayscaleMap_VT.uexp" 322
"../../../Engine/Content/EngineMaterials/BaseFlattenLinearColor_VT.ubulk" 323
"../../../Engine/Content/EngineMaterials/BaseFlattenLinearColor_VT.uasset" 324
"../../../Engine/Content/EngineMaterials/BaseFlattenLinearColor_VT.uexp" 325
"../../../Engine/Content/EngineMaterials/BaseFlattenNormalMap_VT.ubulk" 326
"../../../Engine/Content/EngineMaterials/BaseFlattenNormalMap_VT.uasset" 327
"../../../Engine/Content/EngineMaterials/BaseFlattenNormalMap_VT.uexp" 328
"../../../Engine/Content/EngineMaterials/Black_1x1_EXR_Texture_VT.ubulk" 329
"../../../Engine/Content/EngineMaterials/Black_1x1_EXR_Texture_VT.uasset" 330
"../../../Engine/Content/EngineMaterials/Black_1x1_EXR_Texture_VT.uexp" 331
"../../../Engine/Content/EngineMaterials/FlattenMaterial_VT.uasset" 332
"../../../Engine/Content/EngineMaterials/FlattenMaterial_VT.uexp" 333
"../../../Engine/Content/EngineMaterials/FlattenMaterial_WS_Normal_VT.uasset" 334
"../../../Engine/Content/EngineMaterials/FlattenMaterial_WS_Normal_VT.uexp" 335
"../../../Engine/Plugins/Animation/ControlRig/Content/Controls/ControlRig_RoundedSquare_1mm.ubulk" 336
"../../../Engine/Plugins/Animation/ControlRig/Content/Controls/ControlRig_RoundedSquare_1mm.uasset" 337
"../../../Engine/Plugins/Animation/ControlRig/Content/Controls/ControlRig_RoundedSquare_1mm.uexp" 338
"../../../Engine/Content/EditorResources/BSPVertex.uasset" 339
"../../../Engine/Content/EditorResources/BSPVertex.uexp" 340
"../../../Engine/Content/EngineMaterials/GizmoMaterial.uasset" 341
"../../../Engine/Content/EngineMaterials/GizmoMaterial.uexp" 342
"../../../Engine/Content/EngineResources/GradientTexture0.uasset" 343
"../../../Engine/Content/EngineResources/GradientTexture0.uexp" 344
"../../../Engine/Plugins/Animation/ControlRig/Content/Controls/ControlRig_RoundedSquare_3mm.ubulk" 345
"../../../Engine/Plugins/Animation/ControlRig/Content/Controls/ControlRig_RoundedSquare_3mm.uasset" 346
"../../../Engine/Plugins/Animation/ControlRig/Content/Controls/ControlRig_RoundedSquare_3mm.uexp" 347
"../../../Engine/Content/BasicShapes/BasicShapeMaterial.uasset" 348
"../../../Engine/Content/BasicShapes/BasicShapeMaterial.uexp" 349
"../../../Engine/Plugins/Animation/ControlRig/Content/Controls/ControlRig_RoundedSquare_solid.ubulk" 350
"../../../Engine/Plugins/Animation/ControlRig/Content/Controls/ControlRig_RoundedSquare_solid.uasset" 351
"../../../Engine/Plugins/Animation/ControlRig/Content/Controls/ControlRig_RoundedSquare_solid.uexp" 352
"../../../Engine/Plugins/Animation/ControlRig/Content/Controls/ControlRig_RoundedTriangle_1mm.ubulk" 353
"../../../Engine/Plugins/Animation/ControlRig/Content/Controls/ControlRig_RoundedTriangle_1mm.uasset" 354
"../../../Engine/Plugins/Animation/ControlRig/Content/Controls/ControlRig_RoundedTriangle_1mm.uexp" 355
"../../../Engine/Content/EngineDebugMaterials/M_SimpleUnlitTranslucent.uasset" 356
"../../../Engine/Content/EngineDebugMaterials/M_SimpleUnlitTranslucent.uexp" 357
"../../../Engine/Content/Functions/Engine_MaterialFunctions02/Utility/CameraDirectionVector.uasset" 358
"../../../Engine/Content/Functions/Engine_MaterialFunctions02/Utility/CameraDirectionVector.uexp" 359
"../../../Engine/Content/EngineDebugMaterials/VolumeToRender.uasset" 360
"../../../Engine/Content/EngineDebugMaterials/VolumeToRender.uexp" 361
"../../../Engine/Content/EngineDebugMaterials/M_VolumeRenderSphereTracePP.uasset" 362
"../../../Engine/Content/EngineDebugMaterials/M_VolumeRenderSphereTracePP.uexp" 363
"../../../Engine/Plugins/Animation/ControlRig/Content/Controls/ControlRig_RoundedTriangle_3mm.ubulk" 364
"../../../Engine/Plugins/Animation/ControlRig/Content/Controls/ControlRig_RoundedTriangle_3mm.uasset" 365
"../../../Engine/Plugins/Animation/ControlRig/Content/Controls/ControlRig_RoundedTriangle_3mm.uexp" 366
"../../../Engine/Content/EngineResources/LandscapeVisibilityLayerInfo.uasset" 367
"../../../Engine/Content/EngineResources/LandscapeVisibilityLayerInfo.uexp" 368
"../../../Engine/Plugins/Animation/ControlRig/Content/Controls/ControlRig_RoundedTriangle_solid.ubulk" 369
"../../../Engine/Plugins/Animation/ControlRig/Content/Controls/ControlRig_RoundedTriangle_solid.uasset" 370
"../../../Engine/Plugins/Animation/ControlRig/Content/Controls/ControlRig_RoundedTriangle_solid.uexp" 371
"../../../Engine/Plugins/Animation/ControlRig/Content/Controls/ControlRig_Sphere_1mm.ubulk" 372
"../../../Engine/Plugins/Animation/ControlRig/Content/Controls/ControlRig_Sphere_1mm.uasset" 373
"../../../Engine/Plugins/Animation/ControlRig/Content/Controls/ControlRig_Sphere_1mm.uexp" 374
"../../../Engine/Plugins/Animation/ControlRig/Content/Controls/ControlRig_Sphere_3mm.ubulk" 375
"../../../Engine/Plugins/Animation/ControlRig/Content/Controls/ControlRig_Sphere_3mm.uasset" 376
"../../../Engine/Plugins/Animation/ControlRig/Content/Controls/ControlRig_Sphere_3mm.uexp" 377
"../../../Engine/Content/EditorResources/S_Actor.ubulk" 378
"../../../Engine/Content/EditorResources/S_Actor.uasset" 379
"../../../Engine/Content/EditorResources/S_Actor.uexp" 380
"../../../Engine/Plugins/Animation/ControlRig/Content/Controls/ControlRig_Sphere_solid.ubulk" 381
"../../../Engine/Plugins/Animation/ControlRig/Content/Controls/ControlRig_Sphere_solid.uasset" 382
"../../../Engine/Plugins/Animation/ControlRig/Content/Controls/ControlRig_Sphere_solid.uexp" 383
"../../../Engine/Plugins/Animation/ControlRig/Content/Controls/ControlRig_Square_1mm.ubulk" 384
"../../../Engine/Plugins/Animation/ControlRig/Content/Controls/ControlRig_Square_1mm.uasset" 385
"../../../Engine/Plugins/Animation/ControlRig/Content/Controls/ControlRig_Square_1mm.uexp" 386
"../../../Engine/Content/EditorResources/S_BoxReflectionCapture.uasset" 387
"../../../Engine/Content/EditorResources/S_BoxReflectionCapture.uexp" 388
"../../../Engine/Content/EngineMaterials/MiniFont.uasset" 389
"../../../Engine/Content/EngineMaterials/MiniFont.uexp" 390
"../../../Engine/Plugins/Animation/ControlRig/Content/Controls/ControlRig_Square_3mm.ubulk" 391
"../../../Engine/Plugins/Animation/ControlRig/Content/Controls/ControlRig_Square_3mm.uasset" 392
"../../../Engine/Plugins/Animation/ControlRig/Content/Controls/ControlRig_Square_3mm.uexp" 393
"../../../Engine/Content/EngineMaterials/InvalidLightmapSettings.ubulk" 394
"../../../Engine/Content/EngineMaterials/InvalidLightmapSettings.uasset" 395
"../../../Engine/Content/EngineMaterials/InvalidLightmapSettings.uexp" 396
"../../../Engine/Content/EngineMaterials/M_InvalidLightmapSettings.uasset" 397
"../../../Engine/Content/EngineMaterials/M_InvalidLightmapSettings.uexp" 398
"../../../Engine/Content/EngineMaterials/NaniteHiddenSectionMaterial.uasset" 399
"../../../Engine/Content/EngineMaterials/NaniteHiddenSectionMaterial.uexp" 400
"../../../Engine/Plugins/Animation/ControlRig/Content/Controls/ControlRig_Square_solid.ubulk" 401
"../../../Engine/Plugins/Animation/ControlRig/Content/Controls/ControlRig_Square_solid.uasset" 402
"../../../Engine/Plugins/Animation/ControlRig/Content/Controls/ControlRig_Square_solid.uexp" 403
"../../../Engine/Content/Functions/Engine_MaterialFunctions02/SplitComponents.uasset" 404
"../../../Engine/Content/Functions/Engine_MaterialFunctions02/SplitComponents.uexp" 405
"../../../Engine/Content/Functions/Engine_MaterialFunctions02/Utility/BreakOutFloat3Components.uasset" 406
"../../../Engine/Content/Functions/Engine_MaterialFunctions02/Utility/BreakOutFloat3Components.uexp" 407
"../../../Engine/Content/Functions/Engine_MaterialFunctions02/Math/Transform3x3Matrix.uasset" 408
"../../../Engine/Content/Functions/Engine_MaterialFunctions02/Math/Transform3x3Matrix.uexp" 409
"../../../Engine/Content/VREditor/SnapGrid/SnapGridMaterial.uasset" 410
"../../../Engine/Content/VREditor/SnapGrid/SnapGridMaterial.uexp" 411
"../../../Engine/Content/VREditor/SnapGrid/SnapGridPlaneMesh.ubulk" 412
"../../../Engine/Content/VREditor/SnapGrid/SnapGridPlaneMesh.uasset" 413
"../../../Engine/Content/VREditor/SnapGrid/SnapGridPlaneMesh.uexp" 414
"../../../Engine/Content/VREditor/LaserPointer/VR_LaserPower_01.ubulk" 415
"../../../Engine/Content/VREditor/LaserPointer/VR_LaserPower_01.uasset" 416
"../../../Engine/Content/VREditor/LaserPointer/VR_LaserPower_01.uexp" 417
"../../../Engine/Content/VREditor/TransformGizmo/TransformGizmoMaterial.uasset" 418
"../../../Engine/Content/VREditor/TransformGizmo/TransformGizmoMaterial.uexp" 419
"../../../Engine/Content/VREditor/TransformGizmo/TranslucentTransformGizmoMaterial.uasset" 420
"../../../Engine/Content/VREditor/TransformGizmo/TranslucentTransformGizmoMaterial.uexp" 421
"../../../Engine/Content/VREditor/TransformGizmo/PlaneTranslationHandle.ubulk" 422
"../../../Engine/Content/VREditor/TransformGizmo/PlaneTranslationHandle.uasset" 423
"../../../Engine/Content/VREditor/TransformGizmo/PlaneTranslationHandle.uexp" 424
"../../../Engine/Content/VREditor/TransformGizmo/RotationHandleFull.ubulk" 425
"../../../Engine/Content/VREditor/TransformGizmo/RotationHandleFull.uasset" 426
"../../../Engine/Content/VREditor/TransformGizmo/RotationHandleFull.uexp" 427
"../../../Engine/Content/VREditor/TransformGizmo/RotationHandleIndicator.ubulk" 428
"../../../Engine/Content/VREditor/TransformGizmo/RotationHandleIndicator.uasset" 429
"../../../Engine/Content/VREditor/TransformGizmo/RotationHandleIndicator.uexp" 430
"../../../Engine/Content/VREditor/TransformGizmo/RotationHandleQuarter.ubulk" 431
"../../../Engine/Content/VREditor/TransformGizmo/RotationHandleQuarter.uasset" 432
"../../../Engine/Content/VREditor/TransformGizmo/RotationHandleQuarter.uexp" 433
"../../../Engine/Content/VREditor/TransformGizmo/StartRotationHandleIndicator.ubulk" 434
"../../../Engine/Content/VREditor/TransformGizmo/StartRotationHandleIndicator.uasset" 435
"../../../Engine/Content/VREditor/TransformGizmo/StartRotationHandleIndicator.uexp" 436
"../../../Engine/Content/VREditor/TransformGizmo/TranslucentTransformGizmoMaterial_Inst.uasset" 437
"../../../Engine/Content/VREditor/TransformGizmo/TranslucentTransformGizmoMaterial_Inst.uexp" 438
"../../../Engine/Content/VREditor/TransformGizmo/TransformGizmoFreeRotation.ubulk" 439
"../../../Engine/Content/VREditor/TransformGizmo/TransformGizmoFreeRotation.uasset" 440
"../../../Engine/Content/VREditor/TransformGizmo/TransformGizmoFreeRotation.uexp" 441
"../../../Engine/Content/VREditor/TransformGizmo/TransformGizmoMaterial_Inst.uasset" 442
"../../../Engine/Content/VREditor/TransformGizmo/TransformGizmoMaterial_Inst.uexp" 443
"../../../Engine/Content/VREditor/TransformGizmo/TranslateArrowHandle.ubulk" 444
"../../../Engine/Content/VREditor/TransformGizmo/TranslateArrowHandle.uasset" 445
"../../../Engine/Content/VREditor/TransformGizmo/TranslateArrowHandle.uexp" 446
"../../../Engine/Content/VREditor/TransformGizmo/UniformScaleHandle.ubulk" 447
"../../../Engine/Content/VREditor/TransformGizmo/UniformScaleHandle.uasset" 448
"../../../Engine/Content/VREditor/TransformGizmo/UniformScaleHandle.uexp" 449
"../../../Engine/Content/VREditor/Sounds/UI/Drop_Item_From_ContentBrowser.ubulk" 450
"../../../Engine/Content/VREditor/Sounds/UI/Drop_Item_From_ContentBrowser.uasset" 451
"../../../Engine/Content/VREditor/Sounds/UI/Drop_Item_From_ContentBrowser.uexp" 452
"../../../Engine/Content/VREditor/Sounds/UI/Gizmo_Handle_Clicked.ubulk" 453
"../../../Engine/Content/VREditor/Sounds/UI/Gizmo_Handle_Clicked.uasset" 454
"../../../Engine/Content/VREditor/Sounds/UI/Gizmo_Handle_Clicked.uexp" 455
"../../../Engine/Content/VREditor/Sounds/UI/Object_PickUp.ubulk" 456
"../../../Engine/Content/VREditor/Sounds/UI/Object_PickUp.uasset" 457
"../../../Engine/Content/VREditor/Sounds/UI/Object_PickUp.uexp" 458
"../../../Engine/Content/VREditor/Sounds/UI/Object_Snaps_To_Another_Actor.ubulk" 459
"../../../Engine/Content/VREditor/Sounds/UI/Object_Snaps_To_Another_Actor.uasset" 460
"../../../Engine/Content/VREditor/Sounds/UI/Object_Snaps_To_Another_Actor.uexp" 461
"../../../Engine/Content/VREditor/Sounds/UI/Object_Snaps_To_Grid.ubulk" 462
"../../../Engine/Content/VREditor/Sounds/UI/Object_Snaps_To_Grid.uasset" 463
"../../../Engine/Content/VREditor/Sounds/UI/Object_Snaps_To_Grid.uexp" 464
"../../../Engine/Content/VREditor/Sounds/UI/Scaling_Down.ubulk" 465
"../../../Engine/Content/VREditor/Sounds/UI/Scaling_Down.uasset" 466
"../../../Engine/Content/VREditor/Sounds/UI/Scaling_Down.uexp" 467
"../../../Engine/Content/VREditor/Sounds/UI/Scaling_Up.ubulk" 468
"../../../Engine/Content/VREditor/Sounds/UI/Scaling_Up.uasset" 469
"../../../Engine/Content/VREditor/Sounds/UI/Scaling_Up.uexp" 470
"../../../Engine/Content/VREditor/Sounds/UI/Selection_Changes.ubulk" 471
"../../../Engine/Content/VREditor/Sounds/UI/Selection_Changes.uasset" 472
"../../../Engine/Content/VREditor/Sounds/UI/Selection_Changes.uexp" 473
"../../../Engine/Plugins/Animation/ControlRig/Content/Controls/ControlRig_Star4_1mm.ubulk" 474
"../../../Engine/Plugins/Animation/ControlRig/Content/Controls/ControlRig_Star4_1mm.uasset" 475
"../../../Engine/Plugins/Animation/ControlRig/Content/Controls/ControlRig_Star4_1mm.uexp" 476
"../../../Engine/Plugins/Animation/ControlRig/Content/Controls/ControlRig_Star4_3mm.ubulk" 477
"../../../Engine/Plugins/Animation/ControlRig/Content/Controls/ControlRig_Star4_3mm.uasset" 478
"../../../Engine/Plugins/Animation/ControlRig/Content/Controls/ControlRig_Star4_3mm.uexp" 479
"../../../Engine/Content/EngineMaterials/PhAT_JointLimitMaterial.uasset" 480
"../../../Engine/Content/EngineMaterials/PhAT_JointLimitMaterial.uexp" 481
"../../../Engine/Plugins/Animation/ControlRig/Content/Controls/ControlRig_Star4_solid.ubulk" 482
"../../../Engine/Plugins/Animation/ControlRig/Content/Controls/ControlRig_Star4_solid.uasset" 483
"../../../Engine/Plugins/Animation/ControlRig/Content/Controls/ControlRig_Star4_solid.uexp" 484
"../../../Engine/Plugins/Animation/ControlRig/Content/Controls/ControlRigGizmoMaterial.uasset" 485
"../../../Engine/Plugins/Animation/ControlRig/Content/Controls/ControlRigGizmoMaterial.uexp" 486
"../../../Engine/Content/EngineMaterials/DefaultCalibrationColor.uasset" 487
"../../../Engine/Content/EngineMaterials/DefaultCalibrationColor.uexp" 488
"../../../Engine/Content/EngineMaterials/PPM_DefaultCalibrationColor.uasset" 489
"../../../Engine/Content/EngineMaterials/PPM_DefaultCalibrationColor.uexp" 490
"../../../Engine/Content/EngineMaterials/DefaultCalibrationGrayscale.uasset" 491
"../../../Engine/Content/EngineMaterials/DefaultCalibrationGrayscale.uexp" 492
"../../../Engine/Content/EngineMaterials/PPM_DefaultCalibrationGrayscale.uasset" 493
"../../../Engine/Content/EngineMaterials/PPM_DefaultCalibrationGrayscale.uexp" 494
"../../../Engine/Plugins/Animation/ControlRig/Content/Controls/ControlRig_Triangle_1mm.ubulk" 495
"../../../Engine/Plugins/Animation/ControlRig/Content/Controls/ControlRig_Triangle_1mm.uasset" 496
"../../../Engine/Plugins/Animation/ControlRig/Content/Controls/ControlRig_Triangle_1mm.uexp" 497
"../../../Engine/Plugins/Animation/ControlRig/Content/Controls/ControlRigXRayMaterial.uasset" 498
"../../../Engine/Plugins/Animation/ControlRig/Content/Controls/ControlRigXRayMaterial.uexp" 499
"../../../Engine/Plugins/Animation/ControlRig/Content/Controls/ControlRig_Triangle_3mm.ubulk" 500
"../../../Engine/Plugins/Animation/ControlRig/Content/Controls/ControlRig_Triangle_3mm.uasset" 501
"../../../Engine/Plugins/Animation/ControlRig/Content/Controls/ControlRig_Triangle_3mm.uexp" 502
"../../../Engine/Plugins/Animation/ControlRig/Content/Controls/ControlRig_Arrow2_1mm.ubulk" 503
"../../../Engine/Plugins/Animation/ControlRig/Content/Controls/ControlRig_Arrow2_1mm.uasset" 504
"../../../Engine/Plugins/Animation/ControlRig/Content/Controls/ControlRig_Arrow2_1mm.uexp" 505
"../../../Engine/Content/EngineMaterials/PreintegratedSkinBRDF.uasset" 506
"../../../Engine/Content/EngineMaterials/PreintegratedSkinBRDF.uexp" 507
"../../../Engine/Content/Functions/Engine_MaterialFunctions02/Utility/VectorLength.uasset" 508
"../../../Engine/Content/Functions/Engine_MaterialFunctions02/Utility/VectorLength.uexp" 509
"../../../Engine/Plugins/Experimental/MeshModelingToolsetExp/Content/Materials/GetDisplacementVectorForDepthBias.uasset" 510
"../../../Engine/Plugins/Experimental/MeshModelingToolsetExp/Content/Materials/GetDisplacementVectorForDepthBias.uexp" 511
"../../../Engine/Content/Functions/Engine_MaterialFunctions03/Viewport/MF_OrthoWidth.uasset" 512
"../../../Engine/Content/Functions/Engine_MaterialFunctions03/Viewport/MF_OrthoWidth.uexp" 513
"../../../Engine/Content/Functions/Engine_MaterialFunctions02/Utility/FOV.uasset" 514
"../../../Engine/Content/Functions/Engine_MaterialFunctions02/Utility/FOV.uexp" 515
"../../../Engine/Content/Functions/Engine_MaterialFunctions02/WorldPositionOffset/V2/ObjectScale.uasset" 516
"../../../Engine/Content/Functions/Engine_MaterialFunctions02/WorldPositionOffset/V2/ObjectScale.uexp" 517
"../../../Engine/Plugins/Experimental/MeshModelingToolsetExp/Content/Materials/PointSetOverlaidComponentMaterial.uasset" 518
"../../../Engine/Plugins/Experimental/MeshModelingToolsetExp/Content/Materials/PointSetOverlaidComponentMaterial.uexp" 519
"../../../Engine/Plugins/Animation/ControlRig/Content/Controls/ControlRig_Triangle_solid.ubulk" 520
"../../../Engine/Plugins/Animation/ControlRig/Content/Controls/ControlRig_Triangle_solid.uasset" 521
"../../../Engine/Plugins/Animation/ControlRig/Content/Controls/ControlRig_Triangle_solid.uexp" 522
"../../../Engine/Plugins/Animation/ControlRig/Content/Controls/ControlRig_Arrow2_3mm.ubulk" 523
"../../../Engine/Plugins/Animation/ControlRig/Content/Controls/ControlRig_Arrow2_3mm.uasset" 524
"../../../Engine/Plugins/Animation/ControlRig/Content/Controls/ControlRig_Arrow2_3mm.uexp" 525
"../../../Engine/Plugins/Animation/ControlRig/Content/Controls/ControlRig_Wedge_1mm.ubulk" 526
"../../../Engine/Plugins/Animation/ControlRig/Content/Controls/ControlRig_Wedge_1mm.uasset" 527
"../../../Engine/Plugins/Animation/ControlRig/Content/Controls/ControlRig_Wedge_1mm.uexp" 528
"../../../Engine/Plugins/Animation/ControlRig/Content/Controls/ControlRig_Arrow2_solid.ubulk" 529
"../../../Engine/Plugins/Animation/ControlRig/Content/Controls/ControlRig_Arrow2_solid.uasset" 530
"../../../Engine/Plugins/Animation/ControlRig/Content/Controls/ControlRig_Arrow2_solid.uexp" 531
"../../../Engine/Plugins/Animation/ControlRig/Content/Controls/ControlRig_Arrow4_1mm.ubulk" 532
"../../../Engine/Plugins/Animation/ControlRig/Content/Controls/ControlRig_Arrow4_1mm.uasset" 533
"../../../Engine/Plugins/Animation/ControlRig/Content/Controls/ControlRig_Arrow4_1mm.uexp" 534
"../../../Engine/Plugins/Animation/ControlRig/Content/Controls/ControlRig_Wedge_3mm.ubulk" 535
"../../../Engine/Plugins/Animation/ControlRig/Content/Controls/ControlRig_Wedge_3mm.uasset" 536
"../../../Engine/Plugins/Animation/ControlRig/Content/Controls/ControlRig_Wedge_3mm.uexp" 537
"../../../Engine/Content/EngineMaterials/RemoveSurfaceMaterial.uasset" 538
"../../../Engine/Content/EngineMaterials/RemoveSurfaceMaterial.uexp" 539
"../../../Engine/Plugins/Animation/ControlRig/Content/Controls/ControlRig_Arrow4_3mm.ubulk" 540
"../../../Engine/Plugins/Animation/ControlRig/Content/Controls/ControlRig_Arrow4_3mm.uasset" 541
"../../../Engine/Plugins/Animation/ControlRig/Content/Controls/ControlRig_Arrow4_3mm.uexp" 542
"../../../Engine/Plugins/Interchange/Assets/Content/Functions/MX_AnisotropicVDF.uasset" 543
"../../../Engine/Plugins/Interchange/Assets/Content/Functions/MX_AnisotropicVDF.uexp" 544
"../../../Engine/Plugins/Animation/ControlRig/Content/Controls/ControlRig_Wedge_solid.ubulk" 545
"../../../Engine/Plugins/Animation/ControlRig/Content/Controls/ControlRig_Wedge_solid.uasset" 546
"../../../Engine/Plugins/Animation/ControlRig/Content/Controls/ControlRig_Wedge_solid.uexp" 547
"../../../Engine/Plugins/Animation/ControlRig/Content/Controls/ControlRig_Arrow4_solid.ubulk" 548
"../../../Engine/Plugins/Animation/ControlRig/Content/Controls/ControlRig_Arrow4_solid.uasset" 549
"../../../Engine/Plugins/Animation/ControlRig/Content/Controls/ControlRig_Arrow4_solid.uexp" 550
"../../../Engine/Plugins/Interchange/Assets/Content/Functions/MX_BurleyDiffuseBSDF.uasset" 551
"../../../Engine/Plugins/Interchange/Assets/Content/Functions/MX_BurleyDiffuseBSDF.uexp" 552
"../../../Engine/Content/EngineMaterials/SMAAAreaTex.uasset" 553
"../../../Engine/Content/EngineMaterials/SMAAAreaTex.uexp" 554
"../../../Engine/Plugins/Animation/ControlRig/Content/Controls/ControlRig_Arrow_1mm.ubulk" 555
"../../../Engine/Plugins/Animation/ControlRig/Content/Controls/ControlRig_Arrow_1mm.uasset" 556
"../../../Engine/Plugins/Animation/ControlRig/Content/Controls/ControlRig_Arrow_1mm.uexp" 557
"../../../Engine/Content/EngineMaterials/SMAASearchTex.uasset" 558
"../../../Engine/Content/EngineMaterials/SMAASearchTex.uexp" 559
"../../../Engine/Plugins/Interchange/Assets/Content/Functions/MX_ChiangHairBSDF.uasset" 560
"../../../Engine/Plugins/Interchange/Assets/Content/Functions/MX_ChiangHairBSDF.uexp" 561
"../../../Engine/Plugins/Animation/ControlRig/Content/Controls/ControlRig_Arrow_3mm.ubulk" 562
"../../../Engine/Plugins/Animation/ControlRig/Content/Controls/ControlRig_Arrow_3mm.uasset" 563
"../../../Engine/Plugins/Animation/ControlRig/Content/Controls/ControlRig_Arrow_3mm.uexp" 564
"../../../Engine/Content/BasicShapes/Plane.ubulk" 565
"../../../Engine/Content/BasicShapes/Plane.uasset" 566
"../../../Engine/Content/BasicShapes/Plane.uexp" 567
"../../../Engine/Plugins/Animation/ControlRig/Content/Controls/ControlRig_Arrow_solid.ubulk" 568
"../../../Engine/Plugins/Animation/ControlRig/Content/Controls/ControlRig_Arrow_solid.uasset" 569
"../../../Engine/Plugins/Animation/ControlRig/Content/Controls/ControlRig_Arrow_solid.uexp" 570
"../../../Engine/Plugins/Interchange/Assets/Content/Functions/MX_ConductorBSDF.uasset" 571
"../../../Engine/Plugins/Interchange/Assets/Content/Functions/MX_ConductorBSDF.uexp" 572
"../../../Engine/Plugins/Animation/ControlRig/Content/Controls/ControlRig_Box_1mm.ubulk" 573
"../../../Engine/Plugins/Animation/ControlRig/Content/Controls/ControlRig_Box_1mm.uasset" 574
"../../../Engine/Plugins/Animation/ControlRig/Content/Controls/ControlRig_Box_1mm.uexp" 575
"../../../Engine/Plugins/Interchange/Assets/Content/Functions/MX_ConicalEDF.uasset" 576
"../../../Engine/Plugins/Interchange/Assets/Content/Functions/MX_ConicalEDF.uexp" 577
"../../../Engine/Plugins/Animation/ControlRig/Content/Controls/ControlRig_Box_3mm.ubulk" 578
"../../../Engine/Plugins/Animation/ControlRig/Content/Controls/ControlRig_Box_3mm.uasset" 579
"../../../Engine/Plugins/Animation/ControlRig/Content/Controls/ControlRig_Box_3mm.uexp" 580
"../../../Engine/Plugins/Interchange/Assets/Content/Functions/MX_DielectricBSDF.uasset" 581
"../../../Engine/Plugins/Interchange/Assets/Content/Functions/MX_DielectricBSDF.uexp" 582
"../../../Engine/Plugins/Interchange/Assets/Content/Functions/MX_Displacement.uasset" 583
"../../../Engine/Plugins/Interchange/Assets/Content/Functions/MX_Displacement.uexp" 584
"../../../Engine/Plugins/Animation/ControlRig/Content/Controls/ControlRig_Box_solid.ubulk" 585
"../../../Engine/Plugins/Animation/ControlRig/Content/Controls/ControlRig_Box_solid.uasset" 586
"../../../Engine/Plugins/Animation/ControlRig/Content/Controls/ControlRig_Box_solid.uexp" 587
"../../../Engine/Plugins/Interchange/Assets/Content/Functions/MX_GeneralizedSchlickBSDF.uasset" 588
"../../../Engine/Plugins/Interchange/Assets/Content/Functions/MX_GeneralizedSchlickBSDF.uexp" 589
"../../../Engine/Plugins/Animation/ControlRig/Content/Controls/ControlRig_Circle_1mm.ubulk" 590
"../../../Engine/Plugins/Animation/ControlRig/Content/Controls/ControlRig_Circle_1mm.uasset" 591
"../../../Engine/Plugins/Animation/ControlRig/Content/Controls/ControlRig_Circle_1mm.uexp" 592
"../../../Engine/Plugins/Animation/ControlRig/Content/Controls/ControlRig_Circle_3mm.ubulk" 593
"../../../Engine/Plugins/Animation/ControlRig/Content/Controls/ControlRig_Circle_3mm.uasset" 594
"../../../Engine/Plugins/Animation/ControlRig/Content/Controls/ControlRig_Circle_3mm.uexp" 595
"../../../Engine/Plugins/Interchange/Assets/Content/Substrate/MX_SimpleVolume.uasset" 596
"../../../Engine/Plugins/Interchange/Assets/Content/Substrate/MX_SimpleVolume.uexp" 597
"../../../Engine/Plugins/Animation/ControlRig/Content/Controls/ControlRig_Circle_solid.ubulk" 598
"../../../Engine/Plugins/Animation/ControlRig/Content/Controls/ControlRig_Circle_solid.uasset" 599
"../../../Engine/Plugins/Animation/ControlRig/Content/Controls/ControlRig_Circle_solid.uexp" 600
"../../../Engine/Plugins/Interchange/Assets/Content/Functions/MX_MeasuredEDF.uasset" 601
"../../../Engine/Plugins/Interchange/Assets/Content/Functions/MX_MeasuredEDF.uexp" 602
"../../../Engine/Plugins/Interchange/Assets/Content/Functions/MF_IridescenceNoLUT.uasset" 603
"../../../Engine/Plugins/Interchange/Assets/Content/Functions/MF_IridescenceNoLUT.uexp" 604
"../../../Engine/Plugins/Interchange/Assets/Content/Functions/MX_StandardSurface.uasset" 605
"../../../Engine/Plugins/Interchange/Assets/Content/Functions/MX_StandardSurface.uexp" 606
"../../../Engine/Plugins/Interchange/Assets/Content/Functions/MX_OpenPBR_Opaque.uasset" 607
"../../../Engine/Plugins/Interchange/Assets/Content/Functions/MX_OpenPBR_Opaque.uexp" 608
"../../../Engine/Plugins/Interchange/Assets/Content/Functions/MX_TransmissionSurface.uasset" 609
"../../../Engine/Plugins/Interchange/Assets/Content/Functions/MX_TransmissionSurface.uexp" 610
"../../../Engine/Plugins/Interchange/Assets/Content/Functions/MX_OpenPBR_Translucent.uasset" 611
"../../../Engine/Plugins/Interchange/Assets/Content/Functions/MX_OpenPBR_Translucent.uexp" 612
"../../../Engine/Plugins/Interchange/Assets/Content/Functions/MX_OrenNayarBSDF.uasset" 613
"../../../Engine/Plugins/Interchange/Assets/Content/Functions/MX_OrenNayarBSDF.uexp" 614
"../../../Engine/Plugins/Interchange/Assets/Content/Functions/MX_SheenBSDF.uasset" 615
"../../../Engine/Plugins/Interchange/Assets/Content/Functions/MX_SheenBSDF.uexp" 616
"../../../Engine/Plugins/Interchange/Assets/Content/Functions/MX_SubsurfaceBSDF.uasset" 617
"../../../Engine/Plugins/Interchange/Assets/Content/Functions/MX_SubsurfaceBSDF.uexp" 618
"../../../Engine/Plugins/Interchange/Assets/Content/Functions/MX_Surface.uasset" 619
"../../../Engine/Plugins/Interchange/Assets/Content/Functions/MX_Surface.uexp" 620
"../../../Engine/Plugins/Interchange/Assets/Content/Functions/MX_SurfaceUnlit.uasset" 621
"../../../Engine/Plugins/Interchange/Assets/Content/Functions/MX_SurfaceUnlit.uexp" 622
"../../../Engine/Plugins/Interchange/Assets/Content/Functions/MX_TranslucentBSDF.uasset" 623
"../../../Engine/Plugins/Interchange/Assets/Content/Functions/MX_TranslucentBSDF.uexp" 624
"../../../Engine/Plugins/Interchange/Assets/Content/Functions/MX_UniformEDF.uasset" 625
"../../../Engine/Plugins/Interchange/Assets/Content/Functions/MX_UniformEDF.uexp" 626
"../../../Engine/Plugins/Interchange/Assets/Content/Functions/MX_UsdPreviewSurface.uasset" 627
"../../../Engine/Plugins/Interchange/Assets/Content/Functions/MX_UsdPreviewSurface.uexp" 628
"S:/UE Projects/Conquest/Content/UI/WBP_UnitIcon.uasset" 629
"S:/UE Projects/Conquest/Content/UI/WBP_UnitIcon.uexp" 630
"../../../Engine/Content/EngineResources/FilmGrains/Marcie_Grain_v3_128_M2_000.uasset" 631
"../../../Engine/Content/EngineResources/FilmGrains/Marcie_Grain_v3_128_M2_000.uexp" 632
"../../../Engine/Content/EditorResources/SequenceRecorder/Countdown.uasset" 633
"../../../Engine/Content/EditorResources/SequenceRecorder/Countdown.uexp" 634
"../../../Engine/Content/EditorResources/SequenceRecorder/RecordingIndicator.uasset" 635
"../../../Engine/Content/EditorResources/SequenceRecorder/RecordingIndicator.uexp" 636
"../../../Engine/Plugins/Runtime/HairStrands/Content/Materials/HairCardsDefaultMaterial.uasset" 637
"../../../Engine/Plugins/Runtime/HairStrands/Content/Materials/HairCardsDefaultMaterial.uexp" 638
"../../../Engine/Content/Functions/Engine_MaterialFunctions02/Utility/MakeFloat2.uasset" 639
"../../../Engine/Content/Functions/Engine_MaterialFunctions02/Utility/MakeFloat2.uexp" 640
"../../../Engine/Content/EngineMaterials/HairColorMap.uasset" 641
"../../../Engine/Content/EngineMaterials/HairColorMap.uexp" 642
"../../../Engine/Content/EngineMaterials/HairDebugColor.uasset" 643
"../../../Engine/Content/EngineMaterials/HairDebugColor.uexp" 644
"../../../Engine/Plugins/Runtime/HairStrands/Content/Materials/HairGroupColors.uasset" 645
"../../../Engine/Plugins/Runtime/HairStrands/Content/Materials/HairGroupColors.uexp" 646
"../../../Engine/Plugins/Runtime/HairStrands/Content/Materials/HairDebugMaterial.uasset" 647
"../../../Engine/Plugins/Runtime/HairStrands/Content/Materials/HairDebugMaterial.uexp" 648
"../../../Engine/Plugins/Runtime/HairStrands/Content/Materials/HairDefaultMaterial.uasset" 649
"../../../Engine/Plugins/Runtime/HairStrands/Content/Materials/HairDefaultMaterial.uexp" 650
"../../../Engine/Content/EditorMaterials/ParticleSystems/PSysThumbnail_NoImage.ubulk" 651
"../../../Engine/Content/EditorMaterials/ParticleSystems/PSysThumbnail_NoImage.uasset" 652
"../../../Engine/Content/EditorMaterials/ParticleSystems/PSysThumbnail_NoImage.uexp" 653
"../../../Engine/Plugins/Runtime/HairStrands/Content/Materials/HairMeshesDefaultMaterial.uasset" 654
"../../../Engine/Plugins/Runtime/HairStrands/Content/Materials/HairMeshesDefaultMaterial.uexp" 655
"../../../Engine/Content/EditorMaterials/ParticleSystems/PSysThumbnail_OOD.ubulk" 656
"../../../Engine/Content/EditorMaterials/ParticleSystems/PSysThumbnail_OOD.uasset" 657
"../../../Engine/Content/EditorMaterials/ParticleSystems/PSysThumbnail_OOD.uexp" 658
"../../../Engine/Plugins/Interchange/Assets/Content/Functions/MX_AbsorptionVDF.uasset" 659
"../../../Engine/Plugins/Interchange/Assets/Content/Functions/MX_AbsorptionVDF.uexp" 660
"../../../Engine/Plugins/Runtime/AudioWidgets/Content/Resources/ScrubHandleDown_Clamped.uasset" 661
"../../../Engine/Plugins/Runtime/AudioWidgets/Content/Resources/ScrubHandleDown_Clamped.uexp" 662
"../../../Engine/Content/EditorMaterials/Dataflow/DataflowTwoSidedVertexMaterial.uasset" 663
"../../../Engine/Content/EditorMaterials/Dataflow/DataflowTwoSidedVertexMaterial.uexp" 664
"../../../Engine/Content/EditorMaterials/Dataflow/DataflowVertexMaterial.uasset" 665
"../../../Engine/Content/EditorMaterials/Dataflow/DataflowVertexMaterial.uexp" 666
"../../../Engine/Content/EditorMaterials/Camera/CineMat.uasset" 667
"../../../Engine/Content/EditorMaterials/Camera/CineMat.uexp" 668
"../../../Engine/Content/EditorMaterials/Camera/MI_CineMat_Rig.uasset" 669
"../../../Engine/Content/EditorMaterials/Camera/MI_CineMat_Rig.uexp" 670
"../../../Engine/Content/EditorMeshes/Camera/SM_CraneRig_Arm.ubulk" 671
"../../../Engine/Content/EditorMeshes/Camera/SM_CraneRig_Arm.uasset" 672
"../../../Engine/Content/EditorMeshes/Camera/SM_CraneRig_Arm.uexp" 673
"../../../Engine/Content/EditorMeshes/Camera/SM_CraneRig_Base.ubulk" 674
"../../../Engine/Content/EditorMeshes/Camera/SM_CraneRig_Base.uasset" 675
"../../../Engine/Content/EditorMeshes/Camera/SM_CraneRig_Base.uexp" 676
"../../../Engine/Content/EngineMaterials/EnergyConservation/Diffuse_Energy.uasset" 677
"../../../Engine/Content/EngineMaterials/EnergyConservation/Diffuse_Energy.uexp" 678
"../../../Engine/Plugins/Animation/DeformerGraph/Content/DeformerFunctions/DG_Function_LinearBlendSkin_Morph_Cloth.uasset" 679
"../../../Engine/Plugins/Animation/DeformerGraph/Content/DeformerFunctions/DG_Function_LinearBlendSkin_Morph_Cloth.uexp" 680
"../../../Engine/Plugins/Animation/DeformerGraph/Content/Deformers/DG_LinearBlendSkin_Morph_Cloth.uasset" 681
"../../../Engine/Plugins/Animation/DeformerGraph/Content/Deformers/DG_LinearBlendSkin_Morph_Cloth.uexp" 682
"../../../Engine/Plugins/Animation/DeformerGraph/Content/DeformerFunctions/DG_Function_ComputeNormalsTangents.uasset" 683
"../../../Engine/Plugins/Animation/DeformerGraph/Content/DeformerFunctions/DG_Function_ComputeNormalsTangents.uexp" 684
"../../../Engine/Plugins/Animation/DeformerGraph/Content/DeformerFunctions/DG_Function_LinearBlendSkin_Morph_Cloth_PositionOnly.uasset" 685
"../../../Engine/Plugins/Animation/DeformerGraph/Content/DeformerFunctions/DG_Function_LinearBlendSkin_Morph_Cloth_PositionOnly.uexp" 686
"../../../Engine/Plugins/Animation/DeformerGraph/Content/Deformers/DG_LinearBlendSkin_Morph_Cloth_RecomputeNormals.uasset" 687
"../../../Engine/Plugins/Animation/DeformerGraph/Content/Deformers/DG_LinearBlendSkin_Morph_Cloth_RecomputeNormals.uexp" 688
"../../../Engine/Content/EditorMeshes/Camera/SM_CraneRig_Body.ubulk" 689
"../../../Engine/Content/EditorMeshes/Camera/SM_CraneRig_Body.uasset" 690
"../../../Engine/Content/EditorMeshes/Camera/SM_CraneRig_Body.uexp" 691
"../../../Engine/Content/EngineMaterials/EnergyConservation/GGX_ReflectionEnergy.uasset" 692
"../../../Engine/Content/EngineMaterials/EnergyConservation/GGX_ReflectionEnergy.uexp" 693
"../../../Engine/Content/EditorMeshes/Camera/SM_CraneRig_Mount.ubulk" 694
"../../../Engine/Content/EditorMeshes/Camera/SM_CraneRig_Mount.uasset" 695
"../../../Engine/Content/EditorMeshes/Camera/SM_CraneRig_Mount.uexp" 696
"../../../Engine/Content/EditorMeshes/Camera/SM_RailRig_Mount.ubulk" 697
"../../../Engine/Content/EditorMeshes/Camera/SM_RailRig_Mount.uasset" 698
"../../../Engine/Content/EditorMeshes/Camera/SM_RailRig_Mount.uexp" 699
"../../../Engine/Content/EngineMaterials/EnergyConservation/GGX_TransmissionEnergyArray.uasset" 700
"../../../Engine/Content/EngineMaterials/EnergyConservation/GGX_TransmissionEnergyArray.uexp" 701
"../../../Engine/Content/EngineMaterials/EnergyConservation/SheenLegacy_Energy.uasset" 702
"../../../Engine/Content/EngineMaterials/EnergyConservation/SheenLegacy_Energy.uexp" 703
"../../../Engine/Content/EditorMeshes/Camera/SM_RailRig_Track.ubulk" 704
"../../../Engine/Content/EditorMeshes/Camera/SM_RailRig_Track.uasset" 705
"../../../Engine/Content/EditorMeshes/Camera/SM_RailRig_Track.uexp" 706
"../../../Engine/Content/EngineMaterials/EnergyConservation/Sheen_Energy.uasset" 707
"../../../Engine/Content/EngineMaterials/EnergyConservation/Sheen_Energy.uexp" 708
"../../../Engine/Content/EngineMaterials/LTC/GGX_LTCAmp.uasset" 709
"../../../Engine/Content/EngineMaterials/LTC/GGX_LTCAmp.uexp" 710
"../../../Engine/Content/EngineMaterials/LTC/GGX_LTCMat.uasset" 711
"../../../Engine/Content/EngineMaterials/LTC/GGX_LTCMat.uexp" 712
"../../../Engine/Content/EngineMaterials/LTC/Sheen_LTC.uasset" 713
"../../../Engine/Content/EngineMaterials/LTC/Sheen_LTC.uexp" 714
"../../../Engine/Content/Functions/Engine_MaterialFunctions02/WorldPositionOffset/ObjectScale.uasset" 715
"../../../Engine/Content/Functions/Engine_MaterialFunctions02/WorldPositionOffset/ObjectScale.uexp" 716
"../../../Engine/Plugins/Editor/SpeedTreeImporter/Content/SpeedTree9/Empty.uasset" 717
"../../../Engine/Plugins/Editor/SpeedTreeImporter/Content/SpeedTree9/Empty.uexp" 718
"../../../Engine/Plugins/Editor/SpeedTreeImporter/Content/SpeedTree9/EmptyNormal.uasset" 719
"../../../Engine/Plugins/Editor/SpeedTreeImporter/Content/SpeedTree9/EmptyNormal.uexp" 720
"../../../Engine/Plugins/Editor/SpeedTreeImporter/Content/SpeedTree9/game_wind_noise.ubulk" 721
"../../../Engine/Plugins/Editor/SpeedTreeImporter/Content/SpeedTree9/game_wind_noise.uasset" 722
"../../../Engine/Plugins/Editor/SpeedTreeImporter/Content/SpeedTree9/game_wind_noise.uexp" 723
"../../../Engine/Plugins/Editor/SpeedTreeImporter/Content/SpeedTree9/SpeedTreeBillboard.uasset" 724
"../../../Engine/Plugins/Editor/SpeedTreeImporter/Content/SpeedTree9/SpeedTreeBillboard.uexp" 725
"../../../Engine/Content/Functions/Engine_MaterialFunctions02/SafeNormalize.uasset" 726
"../../../Engine/Content/Functions/Engine_MaterialFunctions02/SafeNormalize.uexp" 727
"../../../Engine/Plugins/Editor/SpeedTreeImporter/Content/SpeedTree9/SpeedTreeWindMotion.uasset" 728
"../../../Engine/Plugins/Editor/SpeedTreeImporter/Content/SpeedTree9/SpeedTreeWindMotion.uexp" 729
"../../../Engine/Plugins/Editor/SpeedTreeImporter/Content/SpeedTree9/UnpackDirection.uasset" 730
"../../../Engine/Plugins/Editor/SpeedTreeImporter/Content/SpeedTree9/UnpackDirection.uexp" 731
"../../../Engine/Plugins/Editor/SpeedTreeImporter/Content/SpeedTree9/UnpackInteger3.uasset" 732
"../../../Engine/Plugins/Editor/SpeedTreeImporter/Content/SpeedTree9/UnpackInteger3.uexp" 733
"../../../Engine/Plugins/Editor/SpeedTreeImporter/Content/SpeedTree9/SpeedTreeBranchMotion.uasset" 734
"../../../Engine/Plugins/Editor/SpeedTreeImporter/Content/SpeedTree9/SpeedTreeBranchMotion.uexp" 735
"../../../Engine/Content/Functions/Engine_MaterialFunctions02/ObjectLocalBounds.uasset" 736
"../../../Engine/Content/Functions/Engine_MaterialFunctions02/ObjectLocalBounds.uexp" 737
"../../../Engine/Content/Functions/Engine_MaterialFunctions02/UVs/BoundingBoxBased_0-1_UVW.uasset" 738
"../../../Engine/Content/Functions/Engine_MaterialFunctions02/UVs/BoundingBoxBased_0-1_UVW.uexp" 739
"../../../Engine/Plugins/Editor/SpeedTreeImporter/Content/SpeedTree9/SpeedTreeWind.uasset" 740
"../../../Engine/Plugins/Editor/SpeedTreeImporter/Content/SpeedTree9/SpeedTreeWind.uexp" 741
"../../../Engine/Plugins/Editor/SpeedTreeImporter/Content/SpeedTree9/SpeedTreeBillboardMaster.uasset" 742
"../../../Engine/Plugins/Editor/SpeedTreeImporter/Content/SpeedTree9/SpeedTreeBillboardMaster.uexp" 743
"../../../Engine/Content/EngineResources/Development/ZenLogo_64.uasset" 744
"../../../Engine/Content/EngineResources/Development/ZenLogo_64.uexp" 745
"../../../Engine/Plugins/Editor/SpeedTreeImporter/Content/SpeedTree9/SpeedTreeCameraFacing.uasset" 746
"../../../Engine/Plugins/Editor/SpeedTreeImporter/Content/SpeedTree9/SpeedTreeCameraFacing.uexp" 747
"../../../Engine/Plugins/Editor/SpeedTreeImporter/Content/SpeedTree9/SpeedTreeMaster.uasset" 748
"../../../Engine/Plugins/Editor/SpeedTreeImporter/Content/SpeedTree9/SpeedTreeMaster.uexp" 749
"../../../Engine/Content/MobileResources/HUD/VirtualJoystick_Background.uasset" 750
"../../../Engine/Content/MobileResources/HUD/VirtualJoystick_Background.uexp" 751
"../../../Engine/Content/MobileResources/HUD/VirtualJoystick_Thumb.uasset" 752
"../../../Engine/Content/MobileResources/HUD/VirtualJoystick_Thumb.uexp" 753
"../../../Engine/Content/MobileResources/HUD/DefaultVirtualJoysticks.uasset" 754
"../../../Engine/Content/MobileResources/HUD/DefaultVirtualJoysticks.uexp" 755
"../../../Engine/Content/VREditor/TransformGizmo/BoundingBoxCorner.ubulk" 756
"../../../Engine/Content/VREditor/TransformGizmo/BoundingBoxCorner.uasset" 757
"../../../Engine/Content/VREditor/TransformGizmo/BoundingBoxCorner.uexp" 758
"../../../Engine/Content/VREditor/TransformGizmo/BoundingBoxEdge.ubulk" 759
"../../../Engine/Content/VREditor/TransformGizmo/BoundingBoxEdge.uasset" 760
"../../../Engine/Content/VREditor/TransformGizmo/BoundingBoxEdge.uexp" 761
"../../../Engine/Plugins/Interchange/Assets/Content/gltf/Textures/T_White_srgb.uasset" 762
"../../../Engine/Plugins/Interchange/Assets/Content/gltf/Textures/T_White_srgb.uexp" 763
"../../../Engine/Plugins/Interchange/Assets/Content/gltf/MaterialFunctions/MF_BaseColor.uasset" 764
"../../../Engine/Plugins/Interchange/Assets/Content/gltf/MaterialFunctions/MF_BaseColor.uexp" 765
"../../../Engine/Plugins/Interchange/Assets/Content/gltf/MaterialFunctions/MF_RotateV2.uasset" 766
"../../../Engine/Plugins/Interchange/Assets/Content/gltf/MaterialFunctions/MF_RotateV2.uexp" 767
"../../../Engine/Plugins/Interchange/Assets/Content/gltf/MaterialFunctions/MF_TransformUVs.uasset" 768
"../../../Engine/Plugins/Interchange/Assets/Content/gltf/MaterialFunctions/MF_TransformUVs.uexp" 769
"../../../Engine/Plugins/Interchange/Assets/Content/gltf/MaterialBodies/MF_Unlit_Body.uasset" 770
"../../../Engine/Plugins/Interchange/Assets/Content/gltf/MaterialBodies/MF_Unlit_Body.uexp" 771
"../../../Engine/Plugins/Interchange/Assets/Content/gltf/M_Unlit.uasset" 772
"../../../Engine/Plugins/Interchange/Assets/Content/gltf/M_Unlit.uexp" 773
"../../../Engine/Plugins/Interchange/Assets/Content/gltf/MaterialInstances/MI_Unlit_Mask.uasset" 774
"../../../Engine/Plugins/Interchange/Assets/Content/gltf/MaterialInstances/MI_Unlit_Mask.uexp" 775
"../../../Engine/Plugins/Interchange/Assets/Content/gltf/MaterialInstances/MI_Unlit_Mask_DS.uasset" 776
"../../../Engine/Plugins/Interchange/Assets/Content/gltf/MaterialInstances/MI_Unlit_Mask_DS.uexp" 777
"../../../Engine/Plugins/Interchange/Assets/Content/gltf/MaterialInstances/MI_Unlit_Opaque.uasset" 778
"../../../Engine/Plugins/Interchange/Assets/Content/gltf/MaterialInstances/MI_Unlit_Opaque.uexp" 779
"../../../Engine/Plugins/Interchange/Assets/Content/gltf/MaterialInstances/MI_Unlit_Opaque_DS.uasset" 780
"../../../Engine/Plugins/Interchange/Assets/Content/gltf/MaterialInstances/MI_Unlit_Opaque_DS.uexp" 781
"../../../Engine/Content/Functions/Engine_MaterialFunctions01/Texturing/FlattenNormal.uasset" 782
"../../../Engine/Content/Functions/Engine_MaterialFunctions01/Texturing/FlattenNormal.uexp" 783
"../../../Engine/Plugins/Interchange/Assets/Content/Utilities/New_LUT.uasset" 784
"../../../Engine/Plugins/Interchange/Assets/Content/Utilities/New_LUT.uexp" 785
"../../../Engine/Content/Functions/Engine_MaterialFunctions03/Math/RemapValueRange.uasset" 786
"../../../Engine/Content/Functions/Engine_MaterialFunctions03/Math/RemapValueRange.uexp" 787
"../../../Engine/Plugins/Interchange/Assets/Content/Functions/MF_Iridescence.uasset" 788
"../../../Engine/Plugins/Interchange/Assets/Content/Functions/MF_Iridescence.uexp" 789
"../../../Engine/Plugins/Interchange/Assets/Content/gltf/MaterialFunctions/MF_RotateNormals_TS.uasset" 790
"../../../Engine/Plugins/Interchange/Assets/Content/gltf/MaterialFunctions/MF_RotateNormals_TS.uexp" 791
"../../../Engine/Plugins/Interchange/Assets/Content/gltf/Textures/T_Generic_N.uasset" 792
"../../../Engine/Plugins/Interchange/Assets/Content/gltf/Textures/T_Generic_N.uexp" 793
"../../../Engine/Plugins/Interchange/Assets/Content/gltf/Textures/T_White_Linear.uasset" 794
"../../../Engine/Plugins/Interchange/Assets/Content/gltf/Textures/T_White_Linear.uexp" 795
"../../../Engine/Plugins/Interchange/Assets/Content/gltf/MaterialFunctions/MF_Clearcoat.uasset" 796
"../../../Engine/Plugins/Interchange/Assets/Content/gltf/MaterialFunctions/MF_Clearcoat.uexp" 797
"../../../Engine/Plugins/Interchange/Assets/Content/gltf/MaterialFunctions/MF_Emissive.uasset" 798
"../../../Engine/Plugins/Interchange/Assets/Content/gltf/MaterialFunctions/MF_Emissive.uexp" 799
"../../../Engine/Plugins/Interchange/Assets/Content/gltf/MaterialFunctions/MF_IOR.uasset" 800
"../../../Engine/Plugins/Interchange/Assets/Content/gltf/MaterialFunctions/MF_IOR.uexp" 801
"../../../Engine/Plugins/Interchange/Assets/Content/gltf/MaterialFunctions/MF_Iridescence.uasset" 802
"../../../Engine/Plugins/Interchange/Assets/Content/gltf/MaterialFunctions/MF_Iridescence.uexp" 803
"../../../Engine/Plugins/Interchange/Assets/Content/gltf/MaterialFunctions/MF_MetallicRoughness.uasset" 804
"../../../Engine/Plugins/Interchange/Assets/Content/gltf/MaterialFunctions/MF_MetallicRoughness.uexp" 805
"../../../Engine/Plugins/Interchange/Assets/Content/gltf/MaterialFunctions/MF_ScaleNormal.uasset" 806
"../../../Engine/Plugins/Interchange/Assets/Content/gltf/MaterialFunctions/MF_ScaleNormal.uexp" 807
"../../../Engine/Plugins/Interchange/Assets/Content/gltf/MaterialFunctions/MF_Normals.uasset" 808
"../../../Engine/Plugins/Interchange/Assets/Content/gltf/MaterialFunctions/MF_Normals.uexp" 809
"../../../Engine/Plugins/Interchange/Assets/Content/gltf/MaterialFunctions/MF_Occlusion.uasset" 810
"../../../Engine/Plugins/Interchange/Assets/Content/gltf/MaterialFunctions/MF_Occlusion.uexp" 811
"../../../Engine/Plugins/Interchange/Assets/Content/gltf/MaterialFunctions/MF_Specular.uasset" 812
"../../../Engine/Plugins/Interchange/Assets/Content/gltf/MaterialFunctions/MF_Specular.uexp" 813
"../../../Engine/Plugins/Interchange/Assets/Content/gltf/Textures/T_Anisotropy_Direction_Linear.uasset" 814
"../../../Engine/Plugins/Interchange/Assets/Content/gltf/Textures/T_Anisotropy_Direction_Linear.uexp" 815
"../../../Engine/Plugins/Interchange/Assets/Content/gltf/MaterialFunctions/MF_SpecularAnisotropy.uasset" 816
"../../../Engine/Plugins/Interchange/Assets/Content/gltf/MaterialFunctions/MF_SpecularAnisotropy.uexp" 817
"../../../Engine/Plugins/Interchange/Assets/Content/gltf/MaterialBodies/MF_ClearCoat_Body.uasset" 818
"../../../Engine/Plugins/Interchange/Assets/Content/gltf/MaterialBodies/MF_ClearCoat_Body.uexp" 819
"../../../Engine/Plugins/Interchange/Assets/Content/gltf/M_ClearCoat.uasset" 820
"../../../Engine/Plugins/Interchange/Assets/Content/gltf/M_ClearCoat.uexp" 821
"../../../Engine/Plugins/Interchange/Assets/Content/gltf/MaterialInstances/MI_ClearCoat_Blend.uasset" 822
"../../../Engine/Plugins/Interchange/Assets/Content/gltf/MaterialInstances/MI_ClearCoat_Blend.uexp" 823
"../../../Engine/Plugins/Interchange/Assets/Content/gltf/MaterialInstances/MI_ClearCoat_Blend_DS.uasset" 824
"../../../Engine/Plugins/Interchange/Assets/Content/gltf/MaterialInstances/MI_ClearCoat_Blend_DS.uexp" 825
"../../../Engine/Plugins/Interchange/Assets/Content/gltf/MaterialInstances/MI_ClearCoat_Mask.uasset" 826
"../../../Engine/Plugins/Interchange/Assets/Content/gltf/MaterialInstances/MI_ClearCoat_Mask.uexp" 827
"../../../Engine/Plugins/Interchange/Assets/Content/gltf/MaterialInstances/MI_ClearCoat_Mask_DS.uasset" 828
"../../../Engine/Plugins/Interchange/Assets/Content/gltf/MaterialInstances/MI_ClearCoat_Mask_DS.uexp" 829
"../../../Engine/Plugins/Interchange/Assets/Content/gltf/MaterialInstances/MI_ClearCoat_Opaque.uasset" 830
"../../../Engine/Plugins/Interchange/Assets/Content/gltf/MaterialInstances/MI_ClearCoat_Opaque.uexp" 831
"../../../Engine/Plugins/Interchange/Assets/Content/gltf/MaterialInstances/MI_ClearCoat_Opaque_DS.uasset" 832
"../../../Engine/Plugins/Interchange/Assets/Content/gltf/MaterialInstances/MI_ClearCoat_Opaque_DS.uexp" 833
"../../../Engine/Plugins/Interchange/Assets/Content/gltf/MaterialBodies/MF_Default_Body.uasset" 834
"../../../Engine/Plugins/Interchange/Assets/Content/gltf/MaterialBodies/MF_Default_Body.uexp" 835
"../../../Engine/Plugins/Interchange/Assets/Content/gltf/M_Default.uasset" 836
"../../../Engine/Plugins/Interchange/Assets/Content/gltf/M_Default.uexp" 837
"../../../Engine/Plugins/Interchange/Assets/Content/gltf/MaterialInstances/MI_Default_Blend.uasset" 838
"../../../Engine/Plugins/Interchange/Assets/Content/gltf/MaterialInstances/MI_Default_Blend.uexp" 839
"../../../Engine/Plugins/Interchange/Assets/Content/gltf/MaterialInstances/MI_Default_Blend_DS.uasset" 840
"../../../Engine/Plugins/Interchange/Assets/Content/gltf/MaterialInstances/MI_Default_Blend_DS.uexp" 841
"../../../Engine/Plugins/Interchange/Assets/Content/gltf/MaterialInstances/MI_Default_Mask.uasset" 842
"../../../Engine/Plugins/Interchange/Assets/Content/gltf/MaterialInstances/MI_Default_Mask.uexp" 843
"../../../Engine/Plugins/Interchange/Assets/Content/gltf/MaterialInstances/MI_Default_Mask_DS.uasset" 844
"../../../Engine/Plugins/Interchange/Assets/Content/gltf/MaterialInstances/MI_Default_Mask_DS.uexp" 845
"../../../Engine/Content/ArtTools/RenderToTexture/Meshes/S_1_Unit_Plane.ubulk" 846
"../../../Engine/Content/ArtTools/RenderToTexture/Meshes/S_1_Unit_Plane.uasset" 847
"../../../Engine/Content/ArtTools/RenderToTexture/Meshes/S_1_Unit_Plane.uexp" 848
"../../../Engine/Plugins/Interchange/Assets/Content/gltf/MaterialInstances/MI_Default_Opaque.uasset" 849
"../../../Engine/Plugins/Interchange/Assets/Content/gltf/MaterialInstances/MI_Default_Opaque.uexp" 850
"../../../Engine/Plugins/Interchange/Assets/Content/gltf/MaterialInstances/MI_Default_Opaque_DS.uasset" 851
"../../../Engine/Plugins/Interchange/Assets/Content/gltf/MaterialInstances/MI_Default_Opaque_DS.uexp" 852
"../../../Engine/Plugins/Interchange/Assets/Content/gltf/MaterialFunctions/MF_Sheen.uasset" 853
"../../../Engine/Plugins/Interchange/Assets/Content/gltf/MaterialFunctions/MF_Sheen.uexp" 854
"../../../Engine/Plugins/Interchange/Assets/Content/gltf/MaterialBodies/MF_Sheen_Body.uasset" 855
"../../../Engine/Plugins/Interchange/Assets/Content/gltf/MaterialBodies/MF_Sheen_Body.uexp" 856
"../../../Engine/Plugins/Interchange/Assets/Content/gltf/M_Sheen.uasset" 857
"../../../Engine/Plugins/Interchange/Assets/Content/gltf/M_Sheen.uexp" 858
"../../../Engine/Plugins/Interchange/Assets/Content/gltf/MaterialInstances/MI_Sheen_Blend.uasset" 859
"../../../Engine/Plugins/Interchange/Assets/Content/gltf/MaterialInstances/MI_Sheen_Blend.uexp" 860
"../../../Engine/Plugins/Interchange/Assets/Content/gltf/MaterialInstances/MI_Sheen_Blend_DS.uasset" 861
"../../../Engine/Plugins/Interchange/Assets/Content/gltf/MaterialInstances/MI_Sheen_Blend_DS.uexp" 862
"../../../Engine/Plugins/Interchange/Assets/Content/gltf/MaterialInstances/MI_Sheen_Mask.uasset" 863
"../../../Engine/Plugins/Interchange/Assets/Content/gltf/MaterialInstances/MI_Sheen_Mask.uexp" 864
"../../../Engine/Plugins/Interchange/Assets/Content/gltf/MaterialInstances/MI_Sheen_Mask_DS.uasset" 865
"../../../Engine/Plugins/Interchange/Assets/Content/gltf/MaterialInstances/MI_Sheen_Mask_DS.uexp" 866
"../../../Engine/Plugins/Interchange/Assets/Content/gltf/MaterialInstances/MI_Sheen_Opaque.uasset" 867
"../../../Engine/Plugins/Interchange/Assets/Content/gltf/MaterialInstances/MI_Sheen_Opaque.uexp" 868
"../../../Engine/Plugins/Interchange/Assets/Content/gltf/MaterialInstances/MI_Sheen_Opaque_DS.uasset" 869
"../../../Engine/Plugins/Interchange/Assets/Content/gltf/MaterialInstances/MI_Sheen_Opaque_DS.uexp" 870
"../../../Engine/Plugins/Interchange/Assets/Content/gltf/MaterialFunctions/MF_DiffuseSpecGloss.uasset" 871
"../../../Engine/Plugins/Interchange/Assets/Content/gltf/MaterialFunctions/MF_DiffuseSpecGloss.uexp" 872
"../../../Engine/Plugins/Interchange/Assets/Content/gltf/MaterialFunctions/MF_MaxComponentValue.uasset" 873
"../../../Engine/Plugins/Interchange/Assets/Content/gltf/MaterialFunctions/MF_MaxComponentValue.uexp" 874
"../../../Engine/Content/Functions/Engine_MaterialFunctions02/Math/AddComponents.uasset" 875
"../../../Engine/Content/Functions/Engine_MaterialFunctions02/Math/AddComponents.uexp" 876
"../../../Engine/Plugins/Interchange/Assets/Content/gltf/MaterialFunctions/MF_PerceivedBrightness.uasset" 877
"../../../Engine/Plugins/Interchange/Assets/Content/gltf/MaterialFunctions/MF_PerceivedBrightness.uexp" 878
"../../../Engine/Plugins/Interchange/Assets/Content/gltf/MaterialFunctions/MF_SpecGlossToMetalRoughness.uasset" 879
"../../../Engine/Plugins/Interchange/Assets/Content/gltf/MaterialFunctions/MF_SpecGlossToMetalRoughness.uexp" 880
"../../../Engine/Plugins/Interchange/Assets/Content/gltf/MaterialBodies/MF_SpecularGlossiness_Body.uasset" 881
"../../../Engine/Plugins/Interchange/Assets/Content/gltf/MaterialBodies/MF_SpecularGlossiness_Body.uexp" 882
"../../../Engine/Plugins/Interchange/Assets/Content/gltf/M_SpecularGlossiness.uasset" 883
"../../../Engine/Plugins/Interchange/Assets/Content/gltf/M_SpecularGlossiness.uexp" 884
"../../../Engine/Plugins/Interchange/Assets/Content/gltf/MaterialInstances/MI_SpecularGlossiness_Blend.uasset" 885
"../../../Engine/Plugins/Interchange/Assets/Content/gltf/MaterialInstances/MI_SpecularGlossiness_Blend.uexp" 886
"../../../Engine/Plugins/Interchange/Assets/Content/gltf/MaterialInstances/MI_SpecularGlossiness_Blend_DS.uasset" 887
"../../../Engine/Plugins/Interchange/Assets/Content/gltf/MaterialInstances/MI_SpecularGlossiness_Blend_DS.uexp" 888
"../../../Engine/Plugins/Interchange/Assets/Content/gltf/MaterialInstances/MI_SpecularGlossiness_Mask.uasset" 889
"../../../Engine/Plugins/Interchange/Assets/Content/gltf/MaterialInstances/MI_SpecularGlossiness_Mask.uexp" 890
"../../../Engine/Plugins/Interchange/Assets/Content/gltf/MaterialInstances/MI_SpecularGlossiness_Mask_DS.uasset" 891
"../../../Engine/Plugins/Interchange/Assets/Content/gltf/MaterialInstances/MI_SpecularGlossiness_Mask_DS.uexp" 892
"../../../Engine/Plugins/Interchange/Assets/Content/gltf/MaterialInstances/MI_SpecularGlossiness_Opaque.uasset" 893
"../../../Engine/Plugins/Interchange/Assets/Content/gltf/MaterialInstances/MI_SpecularGlossiness_Opaque.uexp" 894
"../../../Engine/Plugins/Interchange/Assets/Content/gltf/MaterialInstances/MI_SpecularGlossiness_Opaque_DS.uasset" 895
"../../../Engine/Plugins/Interchange/Assets/Content/gltf/MaterialInstances/MI_SpecularGlossiness_Opaque_DS.uexp" 896
"../../../Engine/Content/EngineMaterials/Good64x64TilingNoiseHighFreq.uasset" 897
"../../../Engine/Content/EngineMaterials/Good64x64TilingNoiseHighFreq.uexp" 898
"../../../Engine/Content/Functions/Engine_MaterialFunctions02/Texturing/ScreenAlignedPixelToPixelUVs.uasset" 899
"../../../Engine/Content/Functions/Engine_MaterialFunctions02/Texturing/ScreenAlignedPixelToPixelUVs.uexp" 900
"../../../Engine/Plugins/Interchange/Assets/Content/gltf/MaterialFunctions/MF_Fresnel_DS.uasset" 901
"../../../Engine/Plugins/Interchange/Assets/Content/gltf/MaterialFunctions/MF_Fresnel_DS.uexp" 902
"../../../Engine/Plugins/Interchange/Assets/Content/gltf/MaterialFunctions/MF_Temporal_Blur.uasset" 903
"../../../Engine/Plugins/Interchange/Assets/Content/gltf/MaterialFunctions/MF_Temporal_Blur.uexp" 904
"../../../Engine/Plugins/Interchange/Assets/Content/gltf/MaterialFunctions/MF_Transmission.uasset" 905
"../../../Engine/Plugins/Interchange/Assets/Content/gltf/MaterialFunctions/MF_Transmission.uexp" 906
"../../../Engine/Plugins/Interchange/Assets/Content/gltf/MaterialBodies/MF_Transmission_Body.uasset" 907
"../../../Engine/Plugins/Interchange/Assets/Content/gltf/MaterialBodies/MF_Transmission_Body.uexp" 908
"../../../Engine/Plugins/Interchange/Assets/Content/gltf/M_Transmission.uasset" 909
"../../../Engine/Plugins/Interchange/Assets/Content/gltf/M_Transmission.uexp" 910
"../../../Engine/Plugins/Interchange/Assets/Content/gltf/MaterialInstances/MI_Transmission.uasset" 911
"../../../Engine/Plugins/Interchange/Assets/Content/gltf/MaterialInstances/MI_Transmission.uexp" 912
"../../../Engine/Plugins/Interchange/Assets/Content/gltf/MaterialInstances/MI_Transmission_DS.uasset" 913
"../../../Engine/Plugins/Interchange/Assets/Content/gltf/MaterialInstances/MI_Transmission_DS.uexp" 914
"../../../Engine/Plugins/Interchange/Assets/Content/gltf/MaterialInstances/MI_Unlit_Blend.uasset" 915
"../../../Engine/Plugins/Interchange/Assets/Content/gltf/MaterialInstances/MI_Unlit_Blend.uexp" 916
"../../../Engine/Plugins/Interchange/Assets/Content/gltf/MaterialInstances/MI_Unlit_Blend_DS.uasset" 917
"../../../Engine/Plugins/Interchange/Assets/Content/gltf/MaterialInstances/MI_Unlit_Blend_DS.uexp" 918
"../../../Engine/Content/EngineMaterials/Substrate/Glints2/AGlintTex2dArray2.uasset" 919
"../../../Engine/Content/EngineMaterials/Substrate/Glints2/AGlintTex2dArray2.uexp" 920
"../../../Engine/Content/EngineMaterials/Substrate/GLints/AGlintTex2dArray.uasset" 921
"../../../Engine/Content/EngineMaterials/Substrate/GLints/AGlintTex2dArray.uexp" 922
"../../../Engine/Content/Functions/Engine_MaterialFunctions01/Shading/ConvertFromDiffSpec.uasset" 923
"../../../Engine/Content/Functions/Engine_MaterialFunctions01/Shading/ConvertFromDiffSpec.uexp" 924
"../../../Engine/Content/Functions/Engine_MaterialFunctions01/Shading/PowerToRoughness.uasset" 925
"../../../Engine/Content/Functions/Engine_MaterialFunctions01/Shading/PowerToRoughness.uexp" 926
"../../../Engine/Content/EngineMaterials/Substrate/Volume/SubstrateSimpleVolumeEnvLUT3D.uasset" 927
"../../../Engine/Content/EngineMaterials/Substrate/Volume/SubstrateSimpleVolumeEnvLUT3D.uexp" 928
"../../../Engine/Content/EngineMaterials/Substrate/Volume/SubstrateSimpleVolumeLUT3D.uasset" 929
"../../../Engine/Content/EngineMaterials/Substrate/Volume/SubstrateSimpleVolumeLUT3D.uexp" 930
"../../../Engine/Plugins/Interchange/Runtime/Content/Pipelines/DefaultAssetsPipeline.uasset" 931
"../../../Engine/Plugins/Interchange/Runtime/Content/Pipelines/DefaultAssetsPipeline.uexp" 932
"../../../Engine/Plugins/Interchange/Runtime/Content/Pipelines/DefaultAudioPipeline.uasset" 933
"../../../Engine/Plugins/Interchange/Runtime/Content/Pipelines/DefaultAudioPipeline.uexp" 934
"../../../Engine/Plugins/Interchange/Runtime/Content/Pipelines/DefaultGLTFAssetsPipeline.uasset" 935
"../../../Engine/Plugins/Interchange/Runtime/Content/Pipelines/DefaultGLTFAssetsPipeline.uexp" 936
"../../../Engine/Plugins/Interchange/Runtime/Content/Pipelines/DefaultGLTFPipeline.uasset" 937
"../../../Engine/Plugins/Interchange/Runtime/Content/Pipelines/DefaultGLTFPipeline.uexp" 938
"../../../Engine/Plugins/Interchange/Runtime/Content/Pipelines/DefaultGLTFSceneAssetsPipeline.uasset" 939
"../../../Engine/Plugins/Interchange/Runtime/Content/Pipelines/DefaultGLTFSceneAssetsPipeline.uexp" 940
"../../../Engine/Plugins/Interchange/Runtime/Content/Pipelines/DefaultMaterialPipeline.uasset" 941
"../../../Engine/Plugins/Interchange/Runtime/Content/Pipelines/DefaultMaterialPipeline.uexp" 942
"../../../Engine/Plugins/Interchange/Runtime/Content/Pipelines/DefaultMaterialXPipeline.uasset" 943
"../../../Engine/Plugins/Interchange/Runtime/Content/Pipelines/DefaultMaterialXPipeline.uexp" 944
"../../../Engine/Plugins/Interchange/Runtime/Content/Pipelines/DefaultSceneAssetsPipeline.uasset" 945
"../../../Engine/Plugins/Interchange/Runtime/Content/Pipelines/DefaultSceneAssetsPipeline.uexp" 946
"../../../Engine/Plugins/Interchange/Runtime/Content/Pipelines/DefaultSceneLevelPipeline.uasset" 947
"../../../Engine/Plugins/Interchange/Runtime/Content/Pipelines/DefaultSceneLevelPipeline.uexp" 948
"../../../Engine/Plugins/Interchange/Runtime/Content/Pipelines/DefaultTexturePipeline.uasset" 949
"../../../Engine/Plugins/Interchange/Runtime/Content/Pipelines/DefaultTexturePipeline.uexp" 950
"../../../Engine/Content/EngineMaterials/DefaultMaterial.uasset" 951
"../../../Engine/Content/EngineMaterials/DefaultMaterial.uexp" 952
"../../../Engine/Content/Maps/Entry_BuiltData.uasset" 953
"../../../Engine/Content/Maps/Entry_BuiltData.uexp" 954
"../../../Engine/Content/Maps/Entry.uexp" 955
"../../../Engine/Content/Maps/Entry.umap" 956
"../../../Engine/Content/EditorMeshes/EditorCylinder.ubulk" 957
"../../../Engine/Content/EditorMeshes/EditorCylinder.uasset" 958
"../../../Engine/Content/EditorMeshes/EditorCylinder.uexp" 959
"S:/UE Projects/Conquest/Content/Materials/Civilisations/M_CivilisationTheme_Master.uasset" 960
"S:/UE Projects/Conquest/Content/Materials/Civilisations/M_CivilisationTheme_Master.uexp" 961
"S:/UE Projects/Conquest/Content/Materials/Civilisations/MI_Civ_Greece.uasset" 962
"S:/UE Projects/Conquest/Content/Materials/Civilisations/MI_Civ_Greece.uexp" 963
"S:/UE Projects/Conquest/Content/Materials/Civilisations/M_CivilisationThemeFill_Master.uasset" 964
"S:/UE Projects/Conquest/Content/Materials/Civilisations/M_CivilisationThemeFill_Master.uexp" 965
"S:/UE Projects/Conquest/Content/Materials/Civilisations/MI_Civ_Fill_Greece.uasset" 966
"S:/UE Projects/Conquest/Content/Materials/Civilisations/MI_Civ_Fill_Greece.uexp" 967
"S:/UE Projects/Conquest/Content/Materials/Civilisations/M_CivilisationTheme_Master_UI.uasset" 968
"S:/UE Projects/Conquest/Content/Materials/Civilisations/M_CivilisationTheme_Master_UI.uexp" 969
"S:/UE Projects/Conquest/Content/Materials/Civilisations/MI_Civilisation_ThemeUI_Greece.uasset" 970
"S:/UE Projects/Conquest/Content/Materials/Civilisations/MI_Civilisation_ThemeUI_Greece.uexp" 971
"S:/UE Projects/Conquest/Content/Civilisations/DA_Civ_Greece.uasset" 972
"S:/UE Projects/Conquest/Content/Civilisations/DA_Civ_Greece.uexp" 973
"S:/UE Projects/Conquest/Content/Materials/Civilisations/MI_Civ_Rome.uasset" 974
"S:/UE Projects/Conquest/Content/Materials/Civilisations/MI_Civ_Rome.uexp" 975
"S:/UE Projects/Conquest/Content/Materials/Civilisations/MI_Civ_Fill_Rome.uasset" 976
"S:/UE Projects/Conquest/Content/Materials/Civilisations/MI_Civ_Fill_Rome.uexp" 977
"S:/UE Projects/Conquest/Content/Materials/Civilisations/MI_Civilisation_ThemeUI_Rome.uasset" 978
"S:/UE Projects/Conquest/Content/Materials/Civilisations/MI_Civilisation_ThemeUI_Rome.uexp" 979
"S:/UE Projects/Conquest/Content/Civilisations/DA_Civ_Rome.uasset" 980
"S:/UE Projects/Conquest/Content/Civilisations/DA_Civ_Rome.uexp" 981
"S:/UE Projects/Conquest/Content/Core/BP_Pawn_Player.uasset" 982
"S:/UE Projects/Conquest/Content/Core/BP_Pawn_Player.uexp" 983
"S:/UE Projects/Conquest/Content/Core/BP_PC_GameController.uasset" 984
"S:/UE Projects/Conquest/Content/Core/BP_PC_GameController.uexp" 985
"../../../Engine/Content/EngineMeshes/Sphere.ubulk" 986
"../../../Engine/Content/EngineMeshes/Sphere.uasset" 987
"../../../Engine/Content/EngineMeshes/Sphere.uexp" 988
"../../../Engine/Content/BasicShapes/Cone.ubulk" 989
"../../../Engine/Content/BasicShapes/Cone.uasset" 990
"../../../Engine/Content/BasicShapes/Cone.uexp" 991
"S:/UE Projects/Conquest/Content/Materials/Resources/M_TileResourceMaster.uasset" 992
"S:/UE Projects/Conquest/Content/Materials/Resources/M_TileResourceMaster.uexp" 993
"S:/UE Projects/Conquest/Content/Materials/Resources/MI_Improvement_Boat.uasset" 994
"S:/UE Projects/Conquest/Content/Materials/Resources/MI_Improvement_Boat.uexp" 995
"S:/UE Projects/Conquest/Content/Materials/Resources/MI_Improvement_Farm.uasset" 996
"S:/UE Projects/Conquest/Content/Materials/Resources/MI_Improvement_Farm.uexp" 997
"S:/UE Projects/Conquest/Content/Materials/Resources/MI_Improvement_Mine.uasset" 998
"S:/UE Projects/Conquest/Content/Materials/Resources/MI_Improvement_Mine.uexp" 999
"S:/UE Projects/Conquest/Content/Materials/Resources/MI_Improvement_Pasture.uasset" 1000
"S:/UE Projects/Conquest/Content/Materials/Resources/MI_Improvement_Pasture.uexp" 1001
"S:/UE Projects/Conquest/Content/Data/DA_TileImprovementData.uasset" 1002
"S:/UE Projects/Conquest/Content/Data/DA_TileImprovementData.uexp" 1003
"../../../Engine/Content/BasicShapes/Cube.ubulk" 1004
"../../../Engine/Content/BasicShapes/Cube.uasset" 1005
"../../../Engine/Content/BasicShapes/Cube.uexp" 1006
"../../../Engine/Content/BasicShapes/Cylinder.ubulk" 1007
"../../../Engine/Content/BasicShapes/Cylinder.uasset" 1008
"../../../Engine/Content/BasicShapes/Cylinder.uexp" 1009
"S:/UE Projects/Conquest/Content/Materials/Resources/MI_Resource_Bananas.uasset" 1010
"S:/UE Projects/Conquest/Content/Materials/Resources/MI_Resource_Bananas.uexp" 1011
"S:/UE Projects/Conquest/Content/Materials/Resources/MI_Resource_Cattle.uasset" 1012
"S:/UE Projects/Conquest/Content/Materials/Resources/MI_Resource_Cattle.uexp" 1013
"S:/UE Projects/Conquest/Content/Materials/Resources/MI_Resource_Coal.uasset" 1014
"S:/UE Projects/Conquest/Content/Materials/Resources/MI_Resource_Coal.uexp" 1015
"S:/UE Projects/Conquest/Content/Materials/Resources/MI_Resource_Crabs.uasset" 1016
"S:/UE Projects/Conquest/Content/Materials/Resources/MI_Resource_Crabs.uexp" 1017
"S:/UE Projects/Conquest/Content/Materials/Resources/MI_Resource_Deer.uasset" 1018
"S:/UE Projects/Conquest/Content/Materials/Resources/MI_Resource_Deer.uexp" 1019
"S:/UE Projects/Conquest/Content/Materials/Resources/MI_Resource_Fish.uasset" 1020
"S:/UE Projects/Conquest/Content/Materials/Resources/MI_Resource_Fish.uexp" 1021
"S:/UE Projects/Conquest/Content/Materials/Resources/MI_Resource_Gold.uasset" 1022
"S:/UE Projects/Conquest/Content/Materials/Resources/MI_Resource_Gold.uexp" 1023
"S:/UE Projects/Conquest/Content/Materials/Resources/MI_Resource_Marble.uasset" 1024
"S:/UE Projects/Conquest/Content/Materials/Resources/MI_Resource_Marble.uexp" 1025
"S:/UE Projects/Conquest/Content/Materials/Resources/MI_Resource_Sheep.uasset" 1026
"S:/UE Projects/Conquest/Content/Materials/Resources/MI_Resource_Sheep.uexp" 1027
"S:/UE Projects/Conquest/Content/Materials/Resources/MI_Resource_Silver.uasset" 1028
"S:/UE Projects/Conquest/Content/Materials/Resources/MI_Resource_Silver.uexp" 1029
"S:/UE Projects/Conquest/Content/Data/DA_TileResourceData.uasset" 1030
"S:/UE Projects/Conquest/Content/Data/DA_TileResourceData.uexp" 1031
"S:/UE Projects/Conquest/Content/Materials/M_TerrainMaster.uasset" 1032
"S:/UE Projects/Conquest/Content/Materials/M_TerrainMaster.uexp" 1033
"S:/UE Projects/Conquest/Content/Materials/MI_Terrain_Coast.uasset" 1034
"S:/UE Projects/Conquest/Content/Materials/MI_Terrain_Coast.uexp" 1035
"S:/UE Projects/Conquest/Content/Materials/MI_Terrain_Desert.uasset" 1036
"S:/UE Projects/Conquest/Content/Materials/MI_Terrain_Desert.uexp" 1037
"S:/UE Projects/Conquest/Content/Materials/MI_Terrain_Grass.uasset" 1038
"S:/UE Projects/Conquest/Content/Materials/MI_Terrain_Grass.uexp" 1039
"S:/UE Projects/Conquest/Content/Materials/MI_Terrain_Lake.uasset" 1040
"S:/UE Projects/Conquest/Content/Materials/MI_Terrain_Lake.uexp" 1041
"S:/UE Projects/Conquest/Content/Materials/MI_Terrain_Mountain.uasset" 1042
"S:/UE Projects/Conquest/Content/Materials/MI_Terrain_Mountain.uexp" 1043
"S:/UE Projects/Conquest/Content/Materials/MI_Terrain_Ocean.uasset" 1044
"S:/UE Projects/Conquest/Content/Materials/MI_Terrain_Ocean.uexp" 1045
"S:/UE Projects/Conquest/Content/Materials/MI_Terrain_Plains.uasset" 1046
"S:/UE Projects/Conquest/Content/Materials/MI_Terrain_Plains.uexp" 1047
"S:/UE Projects/Conquest/Content/Materials/MI_Terrain_Snow.uasset" 1048
"S:/UE Projects/Conquest/Content/Materials/MI_Terrain_Snow.uexp" 1049
"S:/UE Projects/Conquest/Content/Materials/MI_Terrain_Tundra.uasset" 1050
"S:/UE Projects/Conquest/Content/Materials/MI_Terrain_Tundra.uexp" 1051
"S:/UE Projects/Conquest/Content/Materials/M_HexGrid.uasset" 1052
"S:/UE Projects/Conquest/Content/Materials/M_HexGrid.uexp" 1053
"S:/UE Projects/Conquest/Content/Materials/M_Water_2.uasset" 1054
"S:/UE Projects/Conquest/Content/Materials/M_Water_2.uexp" 1055
"S:/UE Projects/Conquest/Content/Materials/M_Water_3_River.uasset" 1056
"S:/UE Projects/Conquest/Content/Materials/M_Water_3_River.uexp" 1057
"S:/UE Projects/Conquest/Content/Materials/Resources/MI_Feature_Tree.uasset" 1058
"S:/UE Projects/Conquest/Content/Materials/Resources/MI_Feature_Tree.uexp" 1059
"S:/UE Projects/Conquest/Content/Materials/Resources/MI_Feature_Jungle.uasset" 1060
"S:/UE Projects/Conquest/Content/Materials/Resources/MI_Feature_Jungle.uexp" 1061
"S:/UE Projects/Conquest/Content/Materials/MI_Terrain_Jungle.uasset" 1062
"S:/UE Projects/Conquest/Content/Materials/MI_Terrain_Jungle.uexp" 1063
"S:/UE Projects/Conquest/Content/Data/DA_TileTerrainData.uasset" 1064
"S:/UE Projects/Conquest/Content/Data/DA_TileTerrainData.uexp" 1065
"S:/UE Projects/Conquest/Content/Materials/M_Fog.uasset" 1066
"S:/UE Projects/Conquest/Content/Materials/M_Fog.uexp" 1067
"S:/UE Projects/Conquest/Content/Materials/M_HexOutline.uasset" 1068
"S:/UE Projects/Conquest/Content/Materials/M_HexOutline.uexp" 1069
"S:/UE Projects/Conquest/Content/Materials/M_HexOutline_Expand.uasset" 1070
"S:/UE Projects/Conquest/Content/Materials/M_HexOutline_Expand.uexp" 1071
"S:/UE Projects/Conquest/Content/UI/WBP_CityLabelText.uasset" 1072
"S:/UE Projects/Conquest/Content/UI/WBP_CityLabelText.uexp" 1073
"S:/UE Projects/Conquest/Content/WorldGen/BP_WorldGen_ModularHexGrid.uasset" 1074
"S:/UE Projects/Conquest/Content/WorldGen/BP_WorldGen_ModularHexGrid.uexp" 1075
"S:/UE Projects/Conquest/Content/UI/WBP_ChoiceButton.uasset" 1076
"S:/UE Projects/Conquest/Content/UI/WBP_ChoiceButton.uexp" 1077
"S:/UE Projects/Conquest/Content/UI/WBP_UnitActionButton.uasset" 1078
"S:/UE Projects/Conquest/Content/UI/WBP_UnitActionButton.uexp" 1079
"S:/UE Projects/Conquest/Content/UI/WBP_Game.uasset" 1080
"S:/UE Projects/Conquest/Content/UI/WBP_Game.uexp" 1081
"S:/UE Projects/Conquest/Content/UI/WBP_GameSetup.uasset" 1082
"S:/UE Projects/Conquest/Content/UI/WBP_GameSetup.uexp" 1083
"S:/UE Projects/Conquest/Content/UI/WBP_HUD.uasset" 1084
"S:/UE Projects/Conquest/Content/UI/WBP_HUD.uexp" 1085
"S:/UE Projects/Conquest/Content/UI/WBP_MainMenu.uasset" 1086
"S:/UE Projects/Conquest/Content/UI/WBP_MainMenu.uexp" 1087
"S:/UE Projects/Conquest/Content/UI/WBP_CityPanel.uasset" 1088
"S:/UE Projects/Conquest/Content/UI/WBP_CityPanel.uexp" 1089
"S:/UE Projects/Conquest/Content/UI/WBP_ResearchPanel.uasset" 1090
"S:/UE Projects/Conquest/Content/UI/WBP_ResearchPanel.uexp" 1091
"S:/UE Projects/Conquest/Content/UI/BP_HUD.uasset" 1092
"S:/UE Projects/Conquest/Content/UI/BP_HUD.uexp" 1093
"S:/UE Projects/Conquest/Content/Data/DT_Buildings.uasset" 1094
"S:/UE Projects/Conquest/Content/Data/DT_Buildings.uexp" 1095
"S:/UE Projects/Conquest/Content/Data/DT_Philosophy.uasset" 1096
"S:/UE Projects/Conquest/Content/Data/DT_Philosophy.uexp" 1097
"S:/UE Projects/Conquest/Content/Data/DT_Tech.uasset" 1098
"S:/UE Projects/Conquest/Content/Data/DT_Tech.uexp" 1099
"../../../Engine/Content/BasicShapes/Sphere.ubulk" 1100
"../../../Engine/Content/BasicShapes/Sphere.uasset" 1101
"../../../Engine/Content/BasicShapes/Sphere.uexp" 1102
"S:/UE Projects/Conquest/Content/Materials/M_UnitMaster.uasset" 1103
"S:/UE Projects/Conquest/Content/Materials/M_UnitMaster.uexp" 1104
"S:/UE Projects/Conquest/Content/Data/DT_Units.uasset" 1105
"S:/UE Projects/Conquest/Content/Data/DT_Units.uexp" 1106
"S:/UE Projects/Conquest/Content/Data/DT_UnitAugments.uasset" 1107
"S:/UE Projects/Conquest/Content/Data/DT_UnitAugments.uexp" 1108
"S:/UE Projects/Conquest/Content/Core/BP_GS_Core.uasset" 1109
"S:/UE Projects/Conquest/Content/Core/BP_GS_Core.uexp" 1110
"S:/UE Projects/Conquest/Content/Core/BP_GM_Core.uasset" 1111
"S:/UE Projects/Conquest/Content/Core/BP_GM_Core.uexp" 1112
"../../../Engine/Content/Functions/Engine_MaterialFunctions02/Utility/BreakOutFloat4Components.uasset" 1113
"../../../Engine/Content/Functions/Engine_MaterialFunctions02/Utility/BreakOutFloat4Components.uexp" 1114
"../../../Engine/Content/Functions/Engine_MaterialFunctions02/Utility/MakeFloat4.uasset" 1115
"../../../Engine/Content/Functions/Engine_MaterialFunctions02/Utility/MakeFloat4.uexp" 1116
"../../../Engine/Content/EngineResources/DefaultVolumeTexture2D.uasset" 1117
"../../../Engine/Content/EngineResources/DefaultVolumeTexture2D.uexp" 1118
"../../../Engine/Content/EngineResources/DefaultVolumeTexture.uasset" 1119
"../../../Engine/Content/EngineResources/DefaultVolumeTexture.uexp" 1120
"../../../Engine/Content/EngineSky/VolumetricClouds/VT_Lightning.uasset" 1121
"../../../Engine/Content/EngineSky/VolumetricClouds/VT_Lightning.uexp" 1122
"../../../Engine/Content/Functions/Engine_MaterialFunctions01/Units/Km-to-Cm.uasset" 1123
"../../../Engine/Content/Functions/Engine_MaterialFunctions01/Units/Km-to-Cm.uexp" 1124
"../../../Engine/Content/EngineSky/VolumetricClouds/m_SimpleVolumetricCloud.uasset" 1125
"../../../Engine/Content/EngineSky/VolumetricClouds/m_SimpleVolumetricCloud.uexp" 1126
"../../../Engine/Content/EngineSky/VolumetricClouds/T_CloudMask.ubulk" 1127
"../../../Engine/Content/EngineSky/VolumetricClouds/T_CloudMask.uasset" 1128
"../../../Engine/Content/EngineSky/VolumetricClouds/T_CloudMask.uexp" 1129
"../../../Engine/Content/EngineSky/VolumetricClouds/T_CloudPattern.ubulk" 1130
"../../../Engine/Content/EngineSky/VolumetricClouds/T_CloudPattern.uasset" 1131
"../../../Engine/Content/EngineSky/VolumetricClouds/T_CloudPattern.uexp" 1132
"../../../Engine/Content/EngineSky/VolumetricClouds/T_Profile_08.ubulk" 1133
"../../../Engine/Content/EngineSky/VolumetricClouds/T_Profile_08.uasset" 1134
"../../../Engine/Content/EngineSky/VolumetricClouds/T_Profile_08.uexp" 1135
"../../../Engine/Content/EngineSky/VolumetricClouds/VT_PerlinWorley_Balanced.uasset" 1136
"../../../Engine/Content/EngineSky/VolumetricClouds/VT_PerlinWorley_Balanced.uexp" 1137
"../../../Engine/Content/EngineSky/VolumetricClouds/m_SimpleVolumetricCloud_Inst.uasset" 1138
"../../../Engine/Content/EngineSky/VolumetricClouds/m_SimpleVolumetricCloud_Inst.uexp" 1139
"S:/UE Projects/Conquest/Content/Levels/L_Game.uexp" 1140
"S:/UE Projects/Conquest/Content/Levels/L_Game.umap" 1141
